{"/mnt/c/itseed/config/autoreload.js":{"path":"/mnt/c/itseed/config/autoreload.js","s":{"1":1},"b":{},"f":{},"fnMap":{},"statementMap":{"1":{"start":{"line":1,"column":0},"end":{"line":14,"column":2}}},"branchMap":{}},"/mnt/c/itseed/config/blueprints.js":{"path":"/mnt/c/itseed/config/blueprints.js","s":{"1":1},"b":{},"f":{},"fnMap":{},"statementMap":{"1":{"start":{"line":26,"column":0},"end":{"line":150,"column":2}}},"branchMap":{}},"/mnt/c/itseed/config/bootstrap.js":{"path":"/mnt/c/itseed/config/bootstrap.js","s":{"1":1,"2":1,"3":1,"4":0,"5":1},"b":{"1":[0,1]},"f":{"1":1},"fnMap":{"1":{"name":"(anonymous_1)","line":12,"loc":{"start":{"line":12,"column":27},"end":{"line":12,"column":40}}}},"statementMap":{"1":{"start":{"line":11,"column":0},"end":{"line":11,"column":29}},"2":{"start":{"line":12,"column":0},"end":{"line":20,"column":2}},"3":{"start":{"line":16,"column":4},"end":{"line":18,"column":5}},"4":{"start":{"line":17,"column":8},"end":{"line":17,"column":63}},"5":{"start":{"line":19,"column":2},"end":{"line":19,"column":7}}},"branchMap":{"1":{"line":16,"type":"if","locations":[{"start":{"line":16,"column":4},"end":{"line":16,"column":4}},{"start":{"line":16,"column":4},"end":{"line":16,"column":4}}]}}},"/mnt/c/itseed/config/connections.js":{"path":"/mnt/c/itseed/config/connections.js","s":{"1":1,"2":1},"b":{"1":[1,0]},"f":{},"fnMap":{},"statementMap":{"1":{"start":{"line":21,"column":0},"end":{"line":21,"column":26}},"2":{"start":{"line":22,"column":0},"end":{"line":94,"column":2}}},"branchMap":{"1":{"line":46,"type":"binary-expr","locations":[{"start":{"line":46,"column":16},"end":{"line":46,"column":38}},{"start":{"line":46,"column":42},"end":{"line":46,"column":46}}]}}},"/mnt/c/itseed/config/cors.js":{"path":"/mnt/c/itseed/config/cors.js","s":{"1":1},"b":{},"f":{},"fnMap":{},"statementMap":{"1":{"start":{"line":29,"column":0},"end":{"line":78,"column":2}}},"branchMap":{}},"/mnt/c/itseed/config/csrf.js":{"path":"/mnt/c/itseed/config/csrf.js","s":{},"b":{},"f":{},"fnMap":{},"statementMap":{},"branchMap":{}},"/mnt/c/itseed/config/email.js":{"path":"/mnt/c/itseed/config/email.js","s":{"1":1},"b":{},"f":{},"fnMap":{},"statementMap":{"1":{"start":{"line":1,"column":0},"end":{"line":11,"column":1}}},"branchMap":{}},"/mnt/c/itseed/config/globals.js":{"path":"/mnt/c/itseed/config/globals.js","s":{"1":1},"b":{},"f":{},"fnMap":{},"statementMap":{"1":{"start":{"line":11,"column":0},"end":{"line":63,"column":2}}},"branchMap":{}},"/mnt/c/itseed/config/grunt.js":{"path":"/mnt/c/itseed/config/grunt.js","s":{"1":1},"b":{},"f":{},"fnMap":{},"statementMap":{"1":{"start":{"line":2,"column":0},"end":{"line":4,"column":2}}},"branchMap":{}},"/mnt/c/itseed/config/http.js":{"path":"/mnt/c/itseed/config/http.js","s":{"1":1,"2":1,"3":1},"b":{},"f":{"1":1},"fnMap":{"1":{"name":"(anonymous_1)","line":72,"loc":{"start":{"line":72,"column":16},"end":{"line":72,"column":26}}}},"statementMap":{"1":{"start":{"line":12,"column":0},"end":{"line":93,"column":2}},"2":{"start":{"line":73,"column":6},"end":{"line":75,"column":7}},"3":{"start":{"line":76,"column":6},"end":{"line":76,"column":38}}},"branchMap":{}},"/mnt/c/itseed/config/i18n.js":{"path":"/mnt/c/itseed/config/i18n.js","s":{"1":1},"b":{},"f":{},"fnMap":{},"statementMap":{"1":{"start":{"line":18,"column":0},"end":{"line":57,"column":2}}},"branchMap":{}},"/mnt/c/itseed/config/log.js":{"path":"/mnt/c/itseed/config/log.js","s":{"1":1},"b":{},"f":{},"fnMap":{},"statementMap":{"1":{"start":{"line":13,"column":0},"end":{"line":29,"column":2}}},"branchMap":{}},"/mnt/c/itseed/config/models.js":{"path":"/mnt/c/itseed/config/models.js","s":{"1":1},"b":{},"f":{},"fnMap":{},"statementMap":{"1":{"start":{"line":12,"column":0},"end":{"line":29,"column":2}}},"branchMap":{}},"/mnt/c/itseed/config/orm.js":{"path":"/mnt/c/itseed/config/orm.js","s":{"1":1},"b":{},"f":{},"fnMap":{},"statementMap":{"1":{"start":{"line":2,"column":0},"end":{"line":4,"column":2}}},"branchMap":{}},"/mnt/c/itseed/config/policies.js":{"path":"/mnt/c/itseed/config/policies.js","s":{"1":1},"b":{},"f":{},"fnMap":{},"statementMap":{"1":{"start":{"line":20,"column":0},"end":{"line":66,"column":2}}},"branchMap":{}},"/mnt/c/itseed/config/pubsub.js":{"path":"/mnt/c/itseed/config/pubsub.js","s":{"1":1},"b":{},"f":{},"fnMap":{},"statementMap":{"1":{"start":{"line":1,"column":0},"end":{"line":3,"column":2}}},"branchMap":{}},"/mnt/c/itseed/config/routes.js":{"path":"/mnt/c/itseed/config/routes.js","s":{"1":1},"b":{},"f":{},"fnMap":{},"statementMap":{"1":{"start":{"line":23,"column":0},"end":{"line":474,"column":2}}},"branchMap":{}},"/mnt/c/itseed/config/session.js":{"path":"/mnt/c/itseed/config/session.js","s":{"1":1},"b":{},"f":{},"fnMap":{},"statementMap":{"1":{"start":{"line":15,"column":0},"end":{"line":92,"column":2}}},"branchMap":{}},"/mnt/c/itseed/config/sockets.js":{"path":"/mnt/c/itseed/config/sockets.js","s":{"1":1},"b":{},"f":{},"fnMap":{},"statementMap":{"1":{"start":{"line":13,"column":0},"end":{"line":188,"column":2}}},"branchMap":{}},"/mnt/c/itseed/config/views.js":{"path":"/mnt/c/itseed/config/views.js","s":{"1":1},"b":{},"f":{},"fnMap":{},"statementMap":{"1":{"start":{"line":14,"column":0},"end":{"line":81,"column":2}}},"branchMap":{}},"/mnt/c/itseed/config/env/development.js":{"path":"/mnt/c/itseed/config/env/development.js","s":{"1":1},"b":{},"f":{},"fnMap":{},"statementMap":{"1":{"start":{"line":13,"column":0},"end":{"line":24,"column":2}}},"branchMap":{}},"/mnt/c/itseed/api/responses/badRequest.js":{"path":"/mnt/c/itseed/api/responses/badRequest.js","s":{"1":1,"2":0,"3":0,"4":0,"5":0,"6":0,"7":0,"8":0,"9":0,"10":0,"11":0,"12":0,"13":0,"14":0,"15":0,"16":0,"17":0},"b":{"1":[0,0],"2":[0,0],"3":[0,0],"4":[0,0],"5":[0,0],"6":[0,0]},"f":{"1":0,"2":0},"fnMap":{"1":{"name":"badRequest","line":18,"loc":{"start":{"line":18,"column":17},"end":{"line":18,"column":52}}},"2":{"name":"couldNotGuessView","line":59,"loc":{"start":{"line":59,"column":44},"end":{"line":59,"column":74}}}},"statementMap":{"1":{"start":{"line":18,"column":0},"end":{"line":63,"column":2}},"2":{"start":{"line":21,"column":2},"end":{"line":21,"column":21}},"3":{"start":{"line":22,"column":2},"end":{"line":22,"column":21}},"4":{"start":{"line":23,"column":2},"end":{"line":23,"column":25}},"5":{"start":{"line":26,"column":2},"end":{"line":26,"column":18}},"6":{"start":{"line":29,"column":2},"end":{"line":32,"column":65}},"7":{"start":{"line":30,"column":4},"end":{"line":30,"column":71}},"8":{"start":{"line":32,"column":7},"end":{"line":32,"column":65}},"9":{"start":{"line":37,"column":2},"end":{"line":39,"column":3}},"10":{"start":{"line":38,"column":4},"end":{"line":38,"column":21}},"11":{"start":{"line":42,"column":2},"end":{"line":44,"column":3}},"12":{"start":{"line":43,"column":4},"end":{"line":43,"column":27}},"13":{"start":{"line":48,"column":2},"end":{"line":48,"column":78}},"14":{"start":{"line":53,"column":2},"end":{"line":61,"column":5}},"15":{"start":{"line":54,"column":4},"end":{"line":54,"column":50}},"16":{"start":{"line":59,"column":7},"end":{"line":61,"column":5}},"17":{"start":{"line":60,"column":4},"end":{"line":60,"column":27}}},"branchMap":{"1":{"line":29,"type":"if","locations":[{"start":{"line":29,"column":2},"end":{"line":29,"column":2}},{"start":{"line":29,"column":2},"end":{"line":29,"column":2}}]},"2":{"line":37,"type":"if","locations":[{"start":{"line":37,"column":2},"end":{"line":37,"column":2}},{"start":{"line":37,"column":2},"end":{"line":37,"column":2}}]},"3":{"line":42,"type":"if","locations":[{"start":{"line":42,"column":2},"end":{"line":42,"column":2}},{"start":{"line":42,"column":2},"end":{"line":42,"column":2}}]},"4":{"line":48,"type":"cond-expr","locations":[{"start":{"line":48,"column":44},"end":{"line":48,"column":61}},{"start":{"line":48,"column":64},"end":{"line":48,"column":77}}]},"5":{"line":48,"type":"binary-expr","locations":[{"start":{"line":48,"column":64},"end":{"line":48,"column":71}},{"start":{"line":48,"column":75},"end":{"line":48,"column":77}}]},"6":{"line":53,"type":"if","locations":[{"start":{"line":53,"column":2},"end":{"line":53,"column":2}},{"start":{"line":53,"column":2},"end":{"line":53,"column":2}}]}}},"/mnt/c/itseed/api/responses/forbidden.js":{"path":"/mnt/c/itseed/api/responses/forbidden.js","s":{"1":1,"2":0,"3":0,"4":0,"5":0,"6":0,"7":0,"8":0,"9":0,"10":0,"11":0,"12":0,"13":0,"14":0,"15":0,"16":0,"17":0,"18":0,"19":0,"20":0,"21":0,"22":0},"b":{"1":[0,0],"2":[0,0],"3":[0,0],"4":[0,0],"5":[0,0],"6":[0,0],"7":[0,0],"8":[0,0]},"f":{"1":0,"2":0},"fnMap":{"1":{"name":"forbidden","line":15,"loc":{"start":{"line":15,"column":17},"end":{"line":15,"column":52}}},"2":{"name":"(anonymous_2)","line":56,"loc":{"start":{"line":56,"column":46},"end":{"line":56,"column":67}}}},"statementMap":{"1":{"start":{"line":15,"column":0},"end":{"line":76,"column":2}},"2":{"start":{"line":18,"column":2},"end":{"line":18,"column":21}},"3":{"start":{"line":19,"column":2},"end":{"line":19,"column":21}},"4":{"start":{"line":20,"column":2},"end":{"line":20,"column":25}},"5":{"start":{"line":23,"column":2},"end":{"line":23,"column":18}},"6":{"start":{"line":26,"column":2},"end":{"line":29,"column":63}},"7":{"start":{"line":27,"column":4},"end":{"line":27,"column":69}},"8":{"start":{"line":29,"column":7},"end":{"line":29,"column":63}},"9":{"start":{"line":34,"column":2},"end":{"line":36,"column":3}},"10":{"start":{"line":35,"column":4},"end":{"line":35,"column":21}},"11":{"start":{"line":39,"column":2},"end":{"line":41,"column":3}},"12":{"start":{"line":40,"column":4},"end":{"line":40,"column":27}},"13":{"start":{"line":45,"column":2},"end":{"line":45,"column":78}},"14":{"start":{"line":50,"column":2},"end":{"line":74,"column":5}},"15":{"start":{"line":51,"column":4},"end":{"line":51,"column":50}},"16":{"start":{"line":56,"column":7},"end":{"line":74,"column":5}},"17":{"start":{"line":59,"column":4},"end":{"line":71,"column":5}},"18":{"start":{"line":63,"column":6},"end":{"line":69,"column":7}},"19":{"start":{"line":64,"column":8},"end":{"line":64,"column":124}},"20":{"start":{"line":68,"column":8},"end":{"line":68,"column":145}},"21":{"start":{"line":70,"column":6},"end":{"line":70,"column":29}},"22":{"start":{"line":73,"column":4},"end":{"line":73,"column":26}}},"branchMap":{"1":{"line":26,"type":"if","locations":[{"start":{"line":26,"column":2},"end":{"line":26,"column":2}},{"start":{"line":26,"column":2},"end":{"line":26,"column":2}}]},"2":{"line":34,"type":"if","locations":[{"start":{"line":34,"column":2},"end":{"line":34,"column":2}},{"start":{"line":34,"column":2},"end":{"line":34,"column":2}}]},"3":{"line":39,"type":"if","locations":[{"start":{"line":39,"column":2},"end":{"line":39,"column":2}},{"start":{"line":39,"column":2},"end":{"line":39,"column":2}}]},"4":{"line":45,"type":"cond-expr","locations":[{"start":{"line":45,"column":44},"end":{"line":45,"column":61}},{"start":{"line":45,"column":64},"end":{"line":45,"column":77}}]},"5":{"line":45,"type":"binary-expr","locations":[{"start":{"line":45,"column":64},"end":{"line":45,"column":71}},{"start":{"line":45,"column":75},"end":{"line":45,"column":77}}]},"6":{"line":50,"type":"if","locations":[{"start":{"line":50,"column":2},"end":{"line":50,"column":2}},{"start":{"line":50,"column":2},"end":{"line":50,"column":2}}]},"7":{"line":59,"type":"if","locations":[{"start":{"line":59,"column":4},"end":{"line":59,"column":4}},{"start":{"line":59,"column":4},"end":{"line":59,"column":4}}]},"8":{"line":63,"type":"if","locations":[{"start":{"line":63,"column":6},"end":{"line":63,"column":6}},{"start":{"line":63,"column":6},"end":{"line":63,"column":6}}]}}},"/mnt/c/itseed/api/responses/notFound.js":{"path":"/mnt/c/itseed/api/responses/notFound.js","s":{"1":1,"2":0,"3":0,"4":0,"5":0,"6":0,"7":0,"8":0,"9":0,"10":0,"11":0,"12":0,"13":0,"14":0,"15":0,"16":0,"17":0,"18":0,"19":0,"20":0,"21":0,"22":0},"b":{"1":[0,0],"2":[0,0],"3":[0,0],"4":[0,0],"5":[0,0],"6":[0,0],"7":[0,0],"8":[0,0]},"f":{"1":0,"2":0},"fnMap":{"1":{"name":"notFound","line":20,"loc":{"start":{"line":20,"column":17},"end":{"line":20,"column":51}}},"2":{"name":"(anonymous_2)","line":61,"loc":{"start":{"line":61,"column":46},"end":{"line":61,"column":67}}}},"statementMap":{"1":{"start":{"line":20,"column":0},"end":{"line":81,"column":2}},"2":{"start":{"line":23,"column":2},"end":{"line":23,"column":21}},"3":{"start":{"line":24,"column":2},"end":{"line":24,"column":21}},"4":{"start":{"line":25,"column":2},"end":{"line":25,"column":25}},"5":{"start":{"line":28,"column":2},"end":{"line":28,"column":18}},"6":{"start":{"line":31,"column":2},"end":{"line":34,"column":63}},"7":{"start":{"line":32,"column":4},"end":{"line":32,"column":69}},"8":{"start":{"line":34,"column":7},"end":{"line":34,"column":63}},"9":{"start":{"line":39,"column":2},"end":{"line":41,"column":3}},"10":{"start":{"line":40,"column":4},"end":{"line":40,"column":21}},"11":{"start":{"line":44,"column":2},"end":{"line":46,"column":3}},"12":{"start":{"line":45,"column":4},"end":{"line":45,"column":27}},"13":{"start":{"line":50,"column":2},"end":{"line":50,"column":78}},"14":{"start":{"line":55,"column":2},"end":{"line":79,"column":5}},"15":{"start":{"line":56,"column":4},"end":{"line":56,"column":50}},"16":{"start":{"line":61,"column":7},"end":{"line":79,"column":5}},"17":{"start":{"line":64,"column":4},"end":{"line":76,"column":5}},"18":{"start":{"line":68,"column":6},"end":{"line":74,"column":7}},"19":{"start":{"line":69,"column":8},"end":{"line":69,"column":123}},"20":{"start":{"line":73,"column":8},"end":{"line":73,"column":144}},"21":{"start":{"line":75,"column":6},"end":{"line":75,"column":29}},"22":{"start":{"line":78,"column":4},"end":{"line":78,"column":26}}},"branchMap":{"1":{"line":31,"type":"if","locations":[{"start":{"line":31,"column":2},"end":{"line":31,"column":2}},{"start":{"line":31,"column":2},"end":{"line":31,"column":2}}]},"2":{"line":39,"type":"if","locations":[{"start":{"line":39,"column":2},"end":{"line":39,"column":2}},{"start":{"line":39,"column":2},"end":{"line":39,"column":2}}]},"3":{"line":44,"type":"if","locations":[{"start":{"line":44,"column":2},"end":{"line":44,"column":2}},{"start":{"line":44,"column":2},"end":{"line":44,"column":2}}]},"4":{"line":50,"type":"cond-expr","locations":[{"start":{"line":50,"column":44},"end":{"line":50,"column":61}},{"start":{"line":50,"column":64},"end":{"line":50,"column":77}}]},"5":{"line":50,"type":"binary-expr","locations":[{"start":{"line":50,"column":64},"end":{"line":50,"column":71}},{"start":{"line":50,"column":75},"end":{"line":50,"column":77}}]},"6":{"line":55,"type":"if","locations":[{"start":{"line":55,"column":2},"end":{"line":55,"column":2}},{"start":{"line":55,"column":2},"end":{"line":55,"column":2}}]},"7":{"line":64,"type":"if","locations":[{"start":{"line":64,"column":4},"end":{"line":64,"column":4}},{"start":{"line":64,"column":4},"end":{"line":64,"column":4}}]},"8":{"line":68,"type":"if","locations":[{"start":{"line":68,"column":6},"end":{"line":68,"column":6}},{"start":{"line":68,"column":6},"end":{"line":68,"column":6}}]}}},"/mnt/c/itseed/api/responses/ok.js":{"path":"/mnt/c/itseed/api/responses/ok.js","s":{"1":1,"2":0,"3":0,"4":0,"5":0,"6":0,"7":0,"8":0,"9":0,"10":0,"11":0,"12":0,"13":0},"b":{"1":[0,0],"2":[0,0],"3":[0,0],"4":[0,0]},"f":{"1":0,"2":0},"fnMap":{"1":{"name":"sendOK","line":14,"loc":{"start":{"line":14,"column":17},"end":{"line":14,"column":49}}},"2":{"name":"couldNotGuessView","line":44,"loc":{"start":{"line":44,"column":44},"end":{"line":44,"column":74}}}},"statementMap":{"1":{"start":{"line":14,"column":0},"end":{"line":48,"column":2}},"2":{"start":{"line":17,"column":2},"end":{"line":17,"column":21}},"3":{"start":{"line":18,"column":2},"end":{"line":18,"column":21}},"4":{"start":{"line":19,"column":2},"end":{"line":19,"column":25}},"5":{"start":{"line":21,"column":2},"end":{"line":21,"column":61}},"6":{"start":{"line":24,"column":2},"end":{"line":24,"column":18}},"7":{"start":{"line":27,"column":2},"end":{"line":29,"column":3}},"8":{"start":{"line":28,"column":4},"end":{"line":28,"column":27}},"9":{"start":{"line":33,"column":2},"end":{"line":33,"column":78}},"10":{"start":{"line":38,"column":2},"end":{"line":46,"column":5}},"11":{"start":{"line":39,"column":4},"end":{"line":39,"column":50}},"12":{"start":{"line":44,"column":7},"end":{"line":46,"column":5}},"13":{"start":{"line":45,"column":4},"end":{"line":45,"column":27}}},"branchMap":{"1":{"line":27,"type":"if","locations":[{"start":{"line":27,"column":2},"end":{"line":27,"column":2}},{"start":{"line":27,"column":2},"end":{"line":27,"column":2}}]},"2":{"line":33,"type":"cond-expr","locations":[{"start":{"line":33,"column":44},"end":{"line":33,"column":61}},{"start":{"line":33,"column":64},"end":{"line":33,"column":77}}]},"3":{"line":33,"type":"binary-expr","locations":[{"start":{"line":33,"column":64},"end":{"line":33,"column":71}},{"start":{"line":33,"column":75},"end":{"line":33,"column":77}}]},"4":{"line":38,"type":"if","locations":[{"start":{"line":38,"column":2},"end":{"line":38,"column":2}},{"start":{"line":38,"column":2},"end":{"line":38,"column":2}}]}}},"/mnt/c/itseed/api/responses/serverError.js":{"path":"/mnt/c/itseed/api/responses/serverError.js","s":{"1":1,"2":0,"3":0,"4":0,"5":0,"6":0,"7":0,"8":0,"9":0,"10":0,"11":0,"12":0,"13":0,"14":0,"15":0,"16":0,"17":0,"18":0,"19":0,"20":0,"21":0,"22":0},"b":{"1":[0,0],"2":[0,0],"3":[0,0],"4":[0,0],"5":[0,0],"6":[0,0],"7":[0,0],"8":[0,0]},"f":{"1":0,"2":0},"fnMap":{"1":{"name":"serverError","line":15,"loc":{"start":{"line":15,"column":17},"end":{"line":15,"column":54}}},"2":{"name":"(anonymous_2)","line":56,"loc":{"start":{"line":56,"column":46},"end":{"line":56,"column":67}}}},"statementMap":{"1":{"start":{"line":15,"column":0},"end":{"line":76,"column":2}},"2":{"start":{"line":18,"column":2},"end":{"line":18,"column":21}},"3":{"start":{"line":19,"column":2},"end":{"line":19,"column":21}},"4":{"start":{"line":20,"column":2},"end":{"line":20,"column":25}},"5":{"start":{"line":23,"column":2},"end":{"line":23,"column":18}},"6":{"start":{"line":26,"column":2},"end":{"line":29,"column":70}},"7":{"start":{"line":27,"column":4},"end":{"line":27,"column":70}},"8":{"start":{"line":29,"column":7},"end":{"line":29,"column":70}},"9":{"start":{"line":34,"column":2},"end":{"line":36,"column":3}},"10":{"start":{"line":35,"column":4},"end":{"line":35,"column":21}},"11":{"start":{"line":39,"column":2},"end":{"line":41,"column":3}},"12":{"start":{"line":40,"column":4},"end":{"line":40,"column":27}},"13":{"start":{"line":45,"column":2},"end":{"line":45,"column":78}},"14":{"start":{"line":50,"column":2},"end":{"line":74,"column":5}},"15":{"start":{"line":51,"column":4},"end":{"line":51,"column":50}},"16":{"start":{"line":56,"column":7},"end":{"line":74,"column":5}},"17":{"start":{"line":59,"column":4},"end":{"line":71,"column":5}},"18":{"start":{"line":63,"column":6},"end":{"line":69,"column":7}},"19":{"start":{"line":64,"column":8},"end":{"line":64,"column":126}},"20":{"start":{"line":68,"column":8},"end":{"line":68,"column":147}},"21":{"start":{"line":70,"column":6},"end":{"line":70,"column":29}},"22":{"start":{"line":73,"column":4},"end":{"line":73,"column":26}}},"branchMap":{"1":{"line":26,"type":"if","locations":[{"start":{"line":26,"column":2},"end":{"line":26,"column":2}},{"start":{"line":26,"column":2},"end":{"line":26,"column":2}}]},"2":{"line":34,"type":"if","locations":[{"start":{"line":34,"column":2},"end":{"line":34,"column":2}},{"start":{"line":34,"column":2},"end":{"line":34,"column":2}}]},"3":{"line":39,"type":"if","locations":[{"start":{"line":39,"column":2},"end":{"line":39,"column":2}},{"start":{"line":39,"column":2},"end":{"line":39,"column":2}}]},"4":{"line":45,"type":"cond-expr","locations":[{"start":{"line":45,"column":44},"end":{"line":45,"column":61}},{"start":{"line":45,"column":64},"end":{"line":45,"column":77}}]},"5":{"line":45,"type":"binary-expr","locations":[{"start":{"line":45,"column":64},"end":{"line":45,"column":71}},{"start":{"line":45,"column":75},"end":{"line":45,"column":77}}]},"6":{"line":50,"type":"if","locations":[{"start":{"line":50,"column":2},"end":{"line":50,"column":2}},{"start":{"line":50,"column":2},"end":{"line":50,"column":2}}]},"7":{"line":59,"type":"if","locations":[{"start":{"line":59,"column":4},"end":{"line":59,"column":4}},{"start":{"line":59,"column":4},"end":{"line":59,"column":4}}]},"8":{"line":63,"type":"if","locations":[{"start":{"line":63,"column":6},"end":{"line":63,"column":6}},{"start":{"line":63,"column":6},"end":{"line":63,"column":6}}]}}},"/mnt/c/itseed/api/services/CmsService.js":{"path":"/mnt/c/itseed/api/services/CmsService.js","s":{"1":1,"2":0,"3":0,"4":0,"5":0,"6":0,"7":0,"8":0,"9":0,"10":0,"11":0,"12":0,"13":0,"14":0,"15":0,"16":0,"17":0,"18":0,"19":0,"20":0,"21":0,"22":0,"23":0,"24":0,"25":0,"26":0,"27":0,"28":0,"29":0,"30":0,"31":0,"32":0,"33":0,"34":0,"35":0,"36":0,"37":0,"38":0,"39":0,"40":0,"41":0,"42":0,"43":0,"44":0,"45":0,"46":0,"47":0,"48":0,"49":0,"50":0,"51":0,"52":0,"53":0,"54":0,"55":0,"56":0,"57":0,"58":0,"59":0,"60":0,"61":0,"62":0,"63":0,"64":0,"65":0,"66":0,"67":0,"68":0,"69":0,"70":0,"71":0,"72":0,"73":0,"74":0,"75":0,"76":0,"77":0,"78":0,"79":0,"80":0,"81":0,"82":0,"83":0,"84":0,"85":0,"86":0,"87":0,"88":0,"89":0,"90":0,"91":0,"92":0,"93":0,"94":0,"95":0,"96":0,"97":0,"98":0,"99":0,"100":0,"101":0,"102":0,"103":0,"104":0,"105":0,"106":0,"107":0,"108":0,"109":0,"110":0,"111":0,"112":0,"113":0,"114":0,"115":0,"116":0,"117":0,"118":0,"119":0,"120":0,"121":0,"122":0,"123":0,"124":0,"125":0,"126":0,"127":0,"128":0,"129":0,"130":0,"131":0,"132":0,"133":0,"134":0,"135":0,"136":0,"137":0,"138":0,"139":0,"140":0,"141":0,"142":0,"143":0,"144":0,"145":0,"146":0,"147":0,"148":0,"149":0,"150":0,"151":0,"152":0,"153":0,"154":0,"155":0,"156":0,"157":0,"158":0,"159":0,"160":0,"161":0,"162":0,"163":0,"164":0,"165":0,"166":0,"167":0,"168":0,"169":0,"170":0,"171":0,"172":0,"173":0,"174":0,"175":0,"176":0,"177":0,"178":0,"179":0,"180":0,"181":0,"182":0,"183":0,"184":0,"185":0,"186":0,"187":0,"188":0,"189":0,"190":0,"191":0,"192":0,"193":0,"194":0,"195":0,"196":0,"197":0,"198":0,"199":0,"200":0,"201":0,"202":0,"203":0,"204":0,"205":0,"206":0,"207":0,"208":0,"209":0,"210":0,"211":0,"212":0,"213":0,"214":0,"215":0,"216":0,"217":0,"218":0,"219":0,"220":0,"221":0,"222":0,"223":0,"224":0,"225":0,"226":0,"227":0,"228":0,"229":0,"230":0,"231":0,"232":0,"233":0,"234":0,"235":0,"236":0,"237":0,"238":0,"239":0,"240":0,"241":0,"242":0,"243":0,"244":0,"245":0,"246":0,"247":0,"248":0,"249":0,"250":0,"251":0,"252":0,"253":0,"254":0,"255":0,"256":0,"257":0,"258":0,"259":0,"260":0,"261":0,"262":0},"b":{"1":[0,0,0,0,0,0,0,0,0,0,0,0,0,0,0,0,0,0],"2":[0,0],"3":[0,0],"4":[0,0],"5":[0,0],"6":[0,0],"7":[0,0]},"f":{"1":0,"2":0,"3":0,"4":0,"5":0,"6":0,"7":0,"8":0,"9":0},"fnMap":{"1":{"name":"(anonymous_1)","line":9,"loc":{"start":{"line":9,"column":13},"end":{"line":9,"column":37}}},"2":{"name":"(anonymous_2)","line":13,"loc":{"start":{"line":13,"column":17},"end":{"line":13,"column":43}}},"3":{"name":"(anonymous_3)","line":17,"loc":{"start":{"line":17,"column":15},"end":{"line":17,"column":41}}},"4":{"name":"(anonymous_4)","line":21,"loc":{"start":{"line":21,"column":16},"end":{"line":21,"column":50}}},"5":{"name":"(anonymous_5)","line":25,"loc":{"start":{"line":25,"column":16},"end":{"line":25,"column":42}}},"6":{"name":"(anonymous_6)","line":30,"loc":{"start":{"line":30,"column":15},"end":{"line":30,"column":41}}},"7":{"name":"(anonymous_7)","line":35,"loc":{"start":{"line":35,"column":15},"end":{"line":35,"column":30}}},"8":{"name":"(anonymous_8)","line":357,"loc":{"start":{"line":357,"column":13},"end":{"line":357,"column":29}}},"9":{"name":"(anonymous_9)","line":375,"loc":{"start":{"line":375,"column":16},"end":{"line":375,"column":38}}}},"statementMap":{"1":{"start":{"line":7,"column":0},"end":{"line":408,"column":2}},"2":{"start":{"line":10,"column":8},"end":{"line":10,"column":37}},"3":{"start":{"line":14,"column":8},"end":{"line":14,"column":40}},"4":{"start":{"line":18,"column":8},"end":{"line":18,"column":37}},"5":{"start":{"line":22,"column":8},"end":{"line":22,"column":47}},"6":{"start":{"line":26,"column":8},"end":{"line":26,"column":40}},"7":{"start":{"line":31,"column":8},"end":{"line":31,"column":38}},"8":{"start":{"line":36,"column":8},"end":{"line":36,"column":24}},"9":{"start":{"line":38,"column":8},"end":{"line":353,"column":9}},"10":{"start":{"line":41,"column":16},"end":{"line":41,"column":45}},"11":{"start":{"line":42,"column":16},"end":{"line":42,"column":47}},"12":{"start":{"line":44,"column":16},"end":{"line":44,"column":39}},"13":{"start":{"line":45,"column":16},"end":{"line":45,"column":53}},"14":{"start":{"line":46,"column":16},"end":{"line":46,"column":47}},"15":{"start":{"line":47,"column":16},"end":{"line":47,"column":51}},"16":{"start":{"line":48,"column":16},"end":{"line":48,"column":55}},"17":{"start":{"line":50,"column":16},"end":{"line":50,"column":51}},"18":{"start":{"line":51,"column":16},"end":{"line":51,"column":51}},"19":{"start":{"line":52,"column":16},"end":{"line":52,"column":53}},"20":{"start":{"line":53,"column":16},"end":{"line":53,"column":53}},"21":{"start":{"line":54,"column":16},"end":{"line":54,"column":51}},"22":{"start":{"line":56,"column":16},"end":{"line":56,"column":41}},"23":{"start":{"line":57,"column":16},"end":{"line":57,"column":22}},"24":{"start":{"line":60,"column":16},"end":{"line":60,"column":50}},"25":{"start":{"line":61,"column":16},"end":{"line":61,"column":52}},"26":{"start":{"line":63,"column":16},"end":{"line":63,"column":44}},"27":{"start":{"line":64,"column":16},"end":{"line":64,"column":58}},"28":{"start":{"line":65,"column":16},"end":{"line":65,"column":52}},"29":{"start":{"line":66,"column":16},"end":{"line":66,"column":56}},"30":{"start":{"line":68,"column":16},"end":{"line":68,"column":56}},"31":{"start":{"line":69,"column":16},"end":{"line":69,"column":56}},"32":{"start":{"line":70,"column":16},"end":{"line":70,"column":58}},"33":{"start":{"line":71,"column":16},"end":{"line":71,"column":58}},"34":{"start":{"line":72,"column":16},"end":{"line":72,"column":56}},"35":{"start":{"line":74,"column":16},"end":{"line":74,"column":41}},"36":{"start":{"line":75,"column":16},"end":{"line":75,"column":22}},"37":{"start":{"line":78,"column":16},"end":{"line":78,"column":52}},"38":{"start":{"line":79,"column":16},"end":{"line":79,"column":54}},"39":{"start":{"line":81,"column":16},"end":{"line":81,"column":46}},"40":{"start":{"line":82,"column":16},"end":{"line":82,"column":60}},"41":{"start":{"line":83,"column":16},"end":{"line":83,"column":54}},"42":{"start":{"line":84,"column":16},"end":{"line":84,"column":58}},"43":{"start":{"line":86,"column":16},"end":{"line":86,"column":58}},"44":{"start":{"line":87,"column":16},"end":{"line":87,"column":58}},"45":{"start":{"line":88,"column":16},"end":{"line":88,"column":60}},"46":{"start":{"line":89,"column":16},"end":{"line":89,"column":60}},"47":{"start":{"line":90,"column":16},"end":{"line":90,"column":58}},"48":{"start":{"line":92,"column":16},"end":{"line":92,"column":41}},"49":{"start":{"line":93,"column":16},"end":{"line":93,"column":22}},"50":{"start":{"line":96,"column":16},"end":{"line":96,"column":51}},"51":{"start":{"line":97,"column":16},"end":{"line":97,"column":53}},"52":{"start":{"line":99,"column":16},"end":{"line":99,"column":45}},"53":{"start":{"line":100,"column":16},"end":{"line":100,"column":59}},"54":{"start":{"line":101,"column":16},"end":{"line":101,"column":53}},"55":{"start":{"line":102,"column":16},"end":{"line":102,"column":57}},"56":{"start":{"line":104,"column":16},"end":{"line":104,"column":57}},"57":{"start":{"line":105,"column":16},"end":{"line":105,"column":57}},"58":{"start":{"line":106,"column":16},"end":{"line":106,"column":59}},"59":{"start":{"line":107,"column":16},"end":{"line":107,"column":59}},"60":{"start":{"line":108,"column":16},"end":{"line":108,"column":57}},"61":{"start":{"line":110,"column":16},"end":{"line":110,"column":53}},"62":{"start":{"line":111,"column":16},"end":{"line":111,"column":22}},"63":{"start":{"line":114,"column":16},"end":{"line":114,"column":51}},"64":{"start":{"line":115,"column":16},"end":{"line":115,"column":53}},"65":{"start":{"line":117,"column":16},"end":{"line":117,"column":45}},"66":{"start":{"line":118,"column":16},"end":{"line":118,"column":59}},"67":{"start":{"line":119,"column":16},"end":{"line":119,"column":53}},"68":{"start":{"line":120,"column":16},"end":{"line":120,"column":57}},"69":{"start":{"line":122,"column":16},"end":{"line":122,"column":57}},"70":{"start":{"line":123,"column":16},"end":{"line":123,"column":57}},"71":{"start":{"line":124,"column":16},"end":{"line":124,"column":59}},"72":{"start":{"line":125,"column":16},"end":{"line":125,"column":59}},"73":{"start":{"line":126,"column":16},"end":{"line":126,"column":57}},"74":{"start":{"line":128,"column":16},"end":{"line":128,"column":53}},"75":{"start":{"line":129,"column":16},"end":{"line":129,"column":22}},"76":{"start":{"line":132,"column":16},"end":{"line":132,"column":51}},"77":{"start":{"line":133,"column":16},"end":{"line":133,"column":53}},"78":{"start":{"line":135,"column":16},"end":{"line":135,"column":45}},"79":{"start":{"line":136,"column":16},"end":{"line":136,"column":59}},"80":{"start":{"line":137,"column":16},"end":{"line":137,"column":53}},"81":{"start":{"line":138,"column":16},"end":{"line":138,"column":57}},"82":{"start":{"line":139,"column":16},"end":{"line":139,"column":61}},"83":{"start":{"line":141,"column":16},"end":{"line":141,"column":57}},"84":{"start":{"line":142,"column":16},"end":{"line":142,"column":57}},"85":{"start":{"line":143,"column":16},"end":{"line":143,"column":59}},"86":{"start":{"line":144,"column":16},"end":{"line":144,"column":59}},"87":{"start":{"line":145,"column":16},"end":{"line":145,"column":57}},"88":{"start":{"line":147,"column":16},"end":{"line":147,"column":53}},"89":{"start":{"line":148,"column":16},"end":{"line":148,"column":22}},"90":{"start":{"line":151,"column":16},"end":{"line":151,"column":54}},"91":{"start":{"line":152,"column":16},"end":{"line":152,"column":56}},"92":{"start":{"line":154,"column":16},"end":{"line":154,"column":48}},"93":{"start":{"line":155,"column":16},"end":{"line":155,"column":62}},"94":{"start":{"line":156,"column":16},"end":{"line":156,"column":56}},"95":{"start":{"line":157,"column":16},"end":{"line":157,"column":60}},"96":{"start":{"line":158,"column":16},"end":{"line":158,"column":64}},"97":{"start":{"line":160,"column":16},"end":{"line":160,"column":60}},"98":{"start":{"line":161,"column":16},"end":{"line":161,"column":60}},"99":{"start":{"line":162,"column":16},"end":{"line":162,"column":62}},"100":{"start":{"line":163,"column":16},"end":{"line":163,"column":62}},"101":{"start":{"line":164,"column":16},"end":{"line":164,"column":60}},"102":{"start":{"line":166,"column":16},"end":{"line":166,"column":56}},"103":{"start":{"line":167,"column":16},"end":{"line":167,"column":22}},"104":{"start":{"line":170,"column":16},"end":{"line":170,"column":47}},"105":{"start":{"line":171,"column":16},"end":{"line":171,"column":49}},"106":{"start":{"line":173,"column":16},"end":{"line":173,"column":44}},"107":{"start":{"line":174,"column":16},"end":{"line":174,"column":55}},"108":{"start":{"line":175,"column":16},"end":{"line":175,"column":49}},"109":{"start":{"line":176,"column":16},"end":{"line":176,"column":60}},"110":{"start":{"line":177,"column":16},"end":{"line":177,"column":57}},"111":{"start":{"line":179,"column":16},"end":{"line":179,"column":53}},"112":{"start":{"line":180,"column":16},"end":{"line":180,"column":53}},"113":{"start":{"line":181,"column":16},"end":{"line":181,"column":55}},"114":{"start":{"line":182,"column":16},"end":{"line":182,"column":55}},"115":{"start":{"line":183,"column":16},"end":{"line":183,"column":53}},"116":{"start":{"line":185,"column":16},"end":{"line":185,"column":49}},"117":{"start":{"line":186,"column":16},"end":{"line":186,"column":22}},"118":{"start":{"line":189,"column":16},"end":{"line":189,"column":48}},"119":{"start":{"line":190,"column":16},"end":{"line":190,"column":50}},"120":{"start":{"line":192,"column":16},"end":{"line":192,"column":42}},"121":{"start":{"line":193,"column":16},"end":{"line":193,"column":56}},"122":{"start":{"line":194,"column":16},"end":{"line":194,"column":50}},"123":{"start":{"line":195,"column":16},"end":{"line":195,"column":54}},"124":{"start":{"line":197,"column":16},"end":{"line":197,"column":54}},"125":{"start":{"line":198,"column":16},"end":{"line":198,"column":54}},"126":{"start":{"line":199,"column":16},"end":{"line":199,"column":56}},"127":{"start":{"line":200,"column":16},"end":{"line":200,"column":56}},"128":{"start":{"line":201,"column":16},"end":{"line":201,"column":54}},"129":{"start":{"line":203,"column":16},"end":{"line":203,"column":50}},"130":{"start":{"line":204,"column":16},"end":{"line":204,"column":22}},"131":{"start":{"line":207,"column":16},"end":{"line":207,"column":53}},"132":{"start":{"line":208,"column":16},"end":{"line":208,"column":55}},"133":{"start":{"line":210,"column":16},"end":{"line":210,"column":47}},"134":{"start":{"line":211,"column":16},"end":{"line":211,"column":61}},"135":{"start":{"line":212,"column":16},"end":{"line":212,"column":55}},"136":{"start":{"line":213,"column":16},"end":{"line":213,"column":59}},"137":{"start":{"line":215,"column":16},"end":{"line":215,"column":59}},"138":{"start":{"line":216,"column":16},"end":{"line":216,"column":59}},"139":{"start":{"line":217,"column":16},"end":{"line":217,"column":61}},"140":{"start":{"line":218,"column":16},"end":{"line":218,"column":61}},"141":{"start":{"line":219,"column":16},"end":{"line":219,"column":59}},"142":{"start":{"line":221,"column":16},"end":{"line":221,"column":55}},"143":{"start":{"line":222,"column":16},"end":{"line":222,"column":22}},"144":{"start":{"line":225,"column":16},"end":{"line":225,"column":51}},"145":{"start":{"line":226,"column":16},"end":{"line":226,"column":53}},"146":{"start":{"line":228,"column":16},"end":{"line":228,"column":45}},"147":{"start":{"line":229,"column":16},"end":{"line":229,"column":59}},"148":{"start":{"line":230,"column":16},"end":{"line":230,"column":53}},"149":{"start":{"line":231,"column":16},"end":{"line":231,"column":57}},"150":{"start":{"line":233,"column":16},"end":{"line":233,"column":57}},"151":{"start":{"line":234,"column":16},"end":{"line":234,"column":57}},"152":{"start":{"line":235,"column":16},"end":{"line":235,"column":59}},"153":{"start":{"line":236,"column":16},"end":{"line":236,"column":59}},"154":{"start":{"line":237,"column":16},"end":{"line":237,"column":57}},"155":{"start":{"line":239,"column":16},"end":{"line":239,"column":53}},"156":{"start":{"line":240,"column":16},"end":{"line":240,"column":22}},"157":{"start":{"line":243,"column":16},"end":{"line":243,"column":48}},"158":{"start":{"line":244,"column":16},"end":{"line":244,"column":50}},"159":{"start":{"line":246,"column":16},"end":{"line":246,"column":42}},"160":{"start":{"line":247,"column":16},"end":{"line":247,"column":56}},"161":{"start":{"line":248,"column":16},"end":{"line":248,"column":50}},"162":{"start":{"line":249,"column":16},"end":{"line":249,"column":54}},"163":{"start":{"line":250,"column":16},"end":{"line":250,"column":58}},"164":{"start":{"line":252,"column":16},"end":{"line":252,"column":54}},"165":{"start":{"line":253,"column":16},"end":{"line":253,"column":54}},"166":{"start":{"line":254,"column":16},"end":{"line":254,"column":56}},"167":{"start":{"line":255,"column":16},"end":{"line":255,"column":56}},"168":{"start":{"line":256,"column":16},"end":{"line":256,"column":54}},"169":{"start":{"line":258,"column":16},"end":{"line":258,"column":50}},"170":{"start":{"line":259,"column":16},"end":{"line":259,"column":22}},"171":{"start":{"line":262,"column":16},"end":{"line":262,"column":48}},"172":{"start":{"line":263,"column":16},"end":{"line":263,"column":50}},"173":{"start":{"line":265,"column":16},"end":{"line":265,"column":42}},"174":{"start":{"line":266,"column":16},"end":{"line":266,"column":56}},"175":{"start":{"line":267,"column":16},"end":{"line":267,"column":50}},"176":{"start":{"line":268,"column":16},"end":{"line":268,"column":54}},"177":{"start":{"line":270,"column":16},"end":{"line":270,"column":54}},"178":{"start":{"line":271,"column":16},"end":{"line":271,"column":54}},"179":{"start":{"line":272,"column":16},"end":{"line":272,"column":56}},"180":{"start":{"line":273,"column":16},"end":{"line":273,"column":56}},"181":{"start":{"line":274,"column":16},"end":{"line":274,"column":54}},"182":{"start":{"line":276,"column":16},"end":{"line":276,"column":41}},"183":{"start":{"line":277,"column":16},"end":{"line":277,"column":22}},"184":{"start":{"line":280,"column":16},"end":{"line":280,"column":48}},"185":{"start":{"line":281,"column":16},"end":{"line":281,"column":50}},"186":{"start":{"line":283,"column":16},"end":{"line":283,"column":42}},"187":{"start":{"line":284,"column":16},"end":{"line":284,"column":56}},"188":{"start":{"line":285,"column":16},"end":{"line":285,"column":50}},"189":{"start":{"line":286,"column":16},"end":{"line":286,"column":54}},"190":{"start":{"line":288,"column":16},"end":{"line":288,"column":54}},"191":{"start":{"line":289,"column":16},"end":{"line":289,"column":54}},"192":{"start":{"line":290,"column":16},"end":{"line":290,"column":56}},"193":{"start":{"line":291,"column":16},"end":{"line":291,"column":56}},"194":{"start":{"line":292,"column":16},"end":{"line":292,"column":54}},"195":{"start":{"line":294,"column":16},"end":{"line":294,"column":41}},"196":{"start":{"line":295,"column":16},"end":{"line":295,"column":22}},"197":{"start":{"line":298,"column":16},"end":{"line":298,"column":49}},"198":{"start":{"line":299,"column":16},"end":{"line":299,"column":51}},"199":{"start":{"line":301,"column":16},"end":{"line":301,"column":43}},"200":{"start":{"line":302,"column":16},"end":{"line":302,"column":57}},"201":{"start":{"line":303,"column":16},"end":{"line":303,"column":51}},"202":{"start":{"line":304,"column":16},"end":{"line":304,"column":55}},"203":{"start":{"line":306,"column":16},"end":{"line":306,"column":55}},"204":{"start":{"line":307,"column":16},"end":{"line":307,"column":55}},"205":{"start":{"line":308,"column":16},"end":{"line":308,"column":57}},"206":{"start":{"line":309,"column":16},"end":{"line":309,"column":57}},"207":{"start":{"line":310,"column":16},"end":{"line":310,"column":55}},"208":{"start":{"line":312,"column":16},"end":{"line":312,"column":41}},"209":{"start":{"line":313,"column":16},"end":{"line":313,"column":22}},"210":{"start":{"line":316,"column":16},"end":{"line":316,"column":44}},"211":{"start":{"line":317,"column":16},"end":{"line":317,"column":46}},"212":{"start":{"line":319,"column":16},"end":{"line":319,"column":38}},"213":{"start":{"line":320,"column":16},"end":{"line":320,"column":52}},"214":{"start":{"line":321,"column":16},"end":{"line":321,"column":46}},"215":{"start":{"line":322,"column":16},"end":{"line":322,"column":50}},"216":{"start":{"line":324,"column":16},"end":{"line":324,"column":50}},"217":{"start":{"line":325,"column":16},"end":{"line":325,"column":50}},"218":{"start":{"line":326,"column":16},"end":{"line":326,"column":52}},"219":{"start":{"line":327,"column":16},"end":{"line":327,"column":52}},"220":{"start":{"line":328,"column":16},"end":{"line":328,"column":50}},"221":{"start":{"line":330,"column":16},"end":{"line":330,"column":46}},"222":{"start":{"line":331,"column":16},"end":{"line":331,"column":22}},"223":{"start":{"line":334,"column":16},"end":{"line":334,"column":46}},"224":{"start":{"line":335,"column":16},"end":{"line":335,"column":48}},"225":{"start":{"line":337,"column":16},"end":{"line":337,"column":40}},"226":{"start":{"line":338,"column":16},"end":{"line":338,"column":54}},"227":{"start":{"line":339,"column":16},"end":{"line":339,"column":48}},"228":{"start":{"line":340,"column":16},"end":{"line":340,"column":52}},"229":{"start":{"line":342,"column":16},"end":{"line":342,"column":52}},"230":{"start":{"line":343,"column":16},"end":{"line":343,"column":52}},"231":{"start":{"line":344,"column":16},"end":{"line":344,"column":54}},"232":{"start":{"line":345,"column":16},"end":{"line":345,"column":54}},"233":{"start":{"line":346,"column":16},"end":{"line":346,"column":52}},"234":{"start":{"line":348,"column":16},"end":{"line":348,"column":48}},"235":{"start":{"line":349,"column":16},"end":{"line":349,"column":22}},"236":{"start":{"line":352,"column":16},"end":{"line":352,"column":22}},"237":{"start":{"line":354,"column":8},"end":{"line":354,"column":22}},"238":{"start":{"line":358,"column":8},"end":{"line":358,"column":22}},"239":{"start":{"line":360,"column":8},"end":{"line":369,"column":9}},"240":{"start":{"line":363,"column":16},"end":{"line":363,"column":39}},"241":{"start":{"line":364,"column":16},"end":{"line":364,"column":22}},"242":{"start":{"line":366,"column":16},"end":{"line":366,"column":40}},"243":{"start":{"line":367,"column":16},"end":{"line":367,"column":33}},"244":{"start":{"line":368,"column":16},"end":{"line":368,"column":22}},"245":{"start":{"line":370,"column":8},"end":{"line":370,"column":20}},"246":{"start":{"line":376,"column":8},"end":{"line":376,"column":42}},"247":{"start":{"line":378,"column":8},"end":{"line":378,"column":38}},"248":{"start":{"line":379,"column":8},"end":{"line":379,"column":36}},"249":{"start":{"line":380,"column":8},"end":{"line":380,"column":34}},"250":{"start":{"line":381,"column":8},"end":{"line":381,"column":35}},"251":{"start":{"line":382,"column":8},"end":{"line":382,"column":39}},"252":{"start":{"line":385,"column":8},"end":{"line":387,"column":9}},"253":{"start":{"line":386,"column":12},"end":{"line":386,"column":30}},"254":{"start":{"line":388,"column":8},"end":{"line":390,"column":9}},"255":{"start":{"line":389,"column":12},"end":{"line":389,"column":34}},"256":{"start":{"line":393,"column":8},"end":{"line":404,"column":9}},"257":{"start":{"line":394,"column":12},"end":{"line":394,"column":88}},"258":{"start":{"line":396,"column":13},"end":{"line":404,"column":9}},"259":{"start":{"line":397,"column":12},"end":{"line":397,"column":88}},"260":{"start":{"line":399,"column":13},"end":{"line":404,"column":9}},"261":{"start":{"line":400,"column":12},"end":{"line":400,"column":88}},"262":{"start":{"line":403,"column":12},"end":{"line":403,"column":95}}},"branchMap":{"1":{"line":38,"type":"switch","locations":[{"start":{"line":40,"column":12},"end":{"line":57,"column":22}},{"start":{"line":59,"column":12},"end":{"line":75,"column":22}},{"start":{"line":77,"column":12},"end":{"line":93,"column":22}},{"start":{"line":95,"column":13},"end":{"line":111,"column":22}},{"start":{"line":113,"column":12},"end":{"line":129,"column":22}},{"start":{"line":131,"column":12},"end":{"line":148,"column":22}},{"start":{"line":150,"column":12},"end":{"line":167,"column":22}},{"start":{"line":169,"column":12},"end":{"line":186,"column":22}},{"start":{"line":188,"column":12},"end":{"line":204,"column":22}},{"start":{"line":206,"column":12},"end":{"line":222,"column":22}},{"start":{"line":224,"column":12},"end":{"line":240,"column":22}},{"start":{"line":242,"column":12},"end":{"line":259,"column":22}},{"start":{"line":261,"column":12},"end":{"line":277,"column":22}},{"start":{"line":279,"column":12},"end":{"line":295,"column":22}},{"start":{"line":297,"column":12},"end":{"line":313,"column":22}},{"start":{"line":315,"column":13},"end":{"line":331,"column":22}},{"start":{"line":333,"column":12},"end":{"line":349,"column":22}},{"start":{"line":350,"column":12},"end":{"line":352,"column":22}}]},"2":{"line":360,"type":"switch","locations":[{"start":{"line":362,"column":12},"end":{"line":364,"column":22}},{"start":{"line":365,"column":12},"end":{"line":368,"column":22}}]},"3":{"line":385,"type":"if","locations":[{"start":{"line":385,"column":8},"end":{"line":385,"column":8}},{"start":{"line":385,"column":8},"end":{"line":385,"column":8}}]},"4":{"line":388,"type":"if","locations":[{"start":{"line":388,"column":8},"end":{"line":388,"column":8}},{"start":{"line":388,"column":8},"end":{"line":388,"column":8}}]},"5":{"line":393,"type":"if","locations":[{"start":{"line":393,"column":8},"end":{"line":393,"column":8}},{"start":{"line":393,"column":8},"end":{"line":393,"column":8}}]},"6":{"line":396,"type":"if","locations":[{"start":{"line":396,"column":13},"end":{"line":396,"column":13}},{"start":{"line":396,"column":13},"end":{"line":396,"column":13}}]},"7":{"line":399,"type":"if","locations":[{"start":{"line":399,"column":13},"end":{"line":399,"column":13}},{"start":{"line":399,"column":13},"end":{"line":399,"column":13}}]}}},"/mnt/c/itseed/api/services/Mailer.js":{"path":"/mnt/c/itseed/api/services/Mailer.js","s":{"1":1,"2":1,"3":1,"4":0,"5":0,"6":0,"7":0},"b":{"1":[0,0]},"f":{"1":0,"2":0},"fnMap":{"1":{"name":"(anonymous_1)","line":9,"loc":{"start":{"line":9,"column":33},"end":{"line":9,"column":48}}},"2":{"name":"(anonymous_2)","line":11,"loc":{"start":{"line":11,"column":28},"end":{"line":11,"column":49}}}},"statementMap":{"1":{"start":{"line":1,"column":0},"end":{"line":1,"column":39}},"2":{"start":{"line":2,"column":0},"end":{"line":8,"column":3}},"3":{"start":{"line":9,"column":0},"end":{"line":17,"column":1}},"4":{"start":{"line":11,"column":1},"end":{"line":16,"column":4}},"5":{"start":{"line":12,"column":2},"end":{"line":14,"column":3}},"6":{"start":{"line":13,"column":4},"end":{"line":13,"column":30}},"7":{"start":{"line":15,"column":2},"end":{"line":15,"column":43}}},"branchMap":{"1":{"line":12,"type":"if","locations":[{"start":{"line":12,"column":2},"end":{"line":12,"column":2}},{"start":{"line":12,"column":2},"end":{"line":12,"column":2}}]}}},"/mnt/c/itseed/api/models/AboutITSeed.js":{"path":"/mnt/c/itseed/api/models/AboutITSeed.js","s":{"1":1},"b":{},"f":{},"fnMap":{},"statementMap":{"1":{"start":{"line":9,"column":0},"end":{"line":49,"column":2}}},"branchMap":{}},"/mnt/c/itseed/api/models/AboutNTCA.js":{"path":"/mnt/c/itseed/api/models/AboutNTCA.js","s":{"1":1},"b":{},"f":{},"fnMap":{},"statementMap":{"1":{"start":{"line":9,"column":0},"end":{"line":49,"column":2}}},"branchMap":{}},"/mnt/c/itseed/api/models/BusinessVisit.js":{"path":"/mnt/c/itseed/api/models/BusinessVisit.js","s":{"1":1},"b":{},"f":{},"fnMap":{},"statementMap":{"1":{"start":{"line":9,"column":0},"end":{"line":64,"column":2}}},"branchMap":{}},"/mnt/c/itseed/api/models/Career.js":{"path":"/mnt/c/itseed/api/models/Career.js","s":{"1":1},"b":{},"f":{},"fnMap":{},"statementMap":{"1":{"start":{"line":9,"column":0},"end":{"line":78,"column":2}}},"branchMap":{}},"/mnt/c/itseed/api/models/CourseInfo.js":{"path":"/mnt/c/itseed/api/models/CourseInfo.js","s":{"1":1},"b":{},"f":{},"fnMap":{},"statementMap":{"1":{"start":{"line":9,"column":0},"end":{"line":81,"column":2}}},"branchMap":{}},"/mnt/c/itseed/api/models/CourseList.js":{"path":"/mnt/c/itseed/api/models/CourseList.js","s":{"1":1},"b":{},"f":{},"fnMap":{},"statementMap":{"1":{"start":{"line":9,"column":0},"end":{"line":54,"column":2}}},"branchMap":{}},"/mnt/c/itseed/api/models/Faq.js":{"path":"/mnt/c/itseed/api/models/Faq.js","s":{"1":1},"b":{},"f":{},"fnMap":{},"statementMap":{"1":{"start":{"line":9,"column":0},"end":{"line":54,"column":2}}},"branchMap":{}},"/mnt/c/itseed/api/models/Instructor.js":{"path":"/mnt/c/itseed/api/models/Instructor.js","s":{"1":1},"b":{},"f":{},"fnMap":{},"statementMap":{"1":{"start":{"line":9,"column":0},"end":{"line":54,"column":2}}},"branchMap":{}},"/mnt/c/itseed/api/models/MemberList.js":{"path":"/mnt/c/itseed/api/models/MemberList.js","s":{"1":1},"b":{},"f":{},"fnMap":{},"statementMap":{"1":{"start":{"line":9,"column":0},"end":{"line":61,"column":2}}},"branchMap":{}},"/mnt/c/itseed/api/models/News.js":{"path":"/mnt/c/itseed/api/models/News.js","s":{"1":1},"b":{},"f":{},"fnMap":{},"statementMap":{"1":{"start":{"line":9,"column":0},"end":{"line":49,"column":2}}},"branchMap":{}},"/mnt/c/itseed/api/models/OverseaVisit.js":{"path":"/mnt/c/itseed/api/models/OverseaVisit.js","s":{"1":1},"b":{},"f":{},"fnMap":{},"statementMap":{"1":{"start":{"line":9,"column":0},"end":{"line":59,"column":2}}},"branchMap":{}},"/mnt/c/itseed/api/models/Project.js":{"path":"/mnt/c/itseed/api/models/Project.js","s":{"1":1},"b":{},"f":{},"fnMap":{},"statementMap":{"1":{"start":{"line":9,"column":0},"end":{"line":59,"column":2}}},"branchMap":{}},"/mnt/c/itseed/api/models/RegFile.js":{"path":"/mnt/c/itseed/api/models/RegFile.js","s":{"1":1},"b":{},"f":{},"fnMap":{},"statementMap":{"1":{"start":{"line":9,"column":0},"end":{"line":52,"column":2}}},"branchMap":{}},"/mnt/c/itseed/api/models/RegInfo.js":{"path":"/mnt/c/itseed/api/models/RegInfo.js","s":{"1":1},"b":{},"f":{},"fnMap":{},"statementMap":{"1":{"start":{"line":9,"column":0},"end":{"line":49,"column":2}}},"branchMap":{}},"/mnt/c/itseed/api/models/School.js":{"path":"/mnt/c/itseed/api/models/School.js","s":{"1":1},"b":{},"f":{},"fnMap":{},"statementMap":{"1":{"start":{"line":9,"column":0},"end":{"line":28,"column":2}}},"branchMap":{}},"/mnt/c/itseed/api/models/Sharing.js":{"path":"/mnt/c/itseed/api/models/Sharing.js","s":{"1":1},"b":{},"f":{},"fnMap":{},"statementMap":{"1":{"start":{"line":9,"column":0},"end":{"line":74,"column":2}}},"branchMap":{}},"/mnt/c/itseed/api/models/SystemSetting.js":{"path":"/mnt/c/itseed/api/models/SystemSetting.js","s":{"1":1},"b":{},"f":{},"fnMap":{},"statementMap":{"1":{"start":{"line":9,"column":0},"end":{"line":39,"column":2}}},"branchMap":{}},"/mnt/c/itseed/api/models/Timeline.js":{"path":"/mnt/c/itseed/api/models/Timeline.js","s":{"1":1},"b":{},"f":{},"fnMap":{},"statementMap":{"1":{"start":{"line":9,"column":0},"end":{"line":49,"column":2}}},"branchMap":{}},"/mnt/c/itseed/api/models/User.js":{"path":"/mnt/c/itseed/api/models/User.js","s":{"1":1},"b":{},"f":{},"fnMap":{},"statementMap":{"1":{"start":{"line":9,"column":0},"end":{"line":123,"column":2}}},"branchMap":{}},"/mnt/c/itseed/api/models/UserDISC.js":{"path":"/mnt/c/itseed/api/models/UserDISC.js","s":{"1":1},"b":{},"f":{},"fnMap":{},"statementMap":{"1":{"start":{"line":9,"column":0},"end":{"line":81,"column":2}}},"branchMap":{}},"/mnt/c/itseed/api/models/UserFiles.js":{"path":"/mnt/c/itseed/api/models/UserFiles.js","s":{"1":1},"b":{},"f":{},"fnMap":{},"statementMap":{"1":{"start":{"line":9,"column":0},"end":{"line":64,"column":2}}},"branchMap":{}},"/mnt/c/itseed/api/models/User_Form.js":{"path":"/mnt/c/itseed/api/models/User_Form.js","s":{"1":1},"b":{},"f":{},"fnMap":{},"statementMap":{"1":{"start":{"line":9,"column":0},"end":{"line":54,"column":2}}},"branchMap":{}},"/mnt/c/itseed/api/models/Video.js":{"path":"/mnt/c/itseed/api/models/Video.js","s":{"1":1},"b":{},"f":{},"fnMap":{},"statementMap":{"1":{"start":{"line":9,"column":0},"end":{"line":54,"column":2}}},"branchMap":{}},"/mnt/c/itseed/api/models/emailV.js":{"path":"/mnt/c/itseed/api/models/emailV.js","s":{"1":1},"b":{},"f":{},"fnMap":{},"statementMap":{"1":{"start":{"line":1,"column":0},"end":{"line":14,"column":2}}},"branchMap":{}},"/mnt/c/itseed/api/controllers/CmsController.js":{"path":"/mnt/c/itseed/api/controllers/CmsController.js","s":{"1":1,"2":1,"3":1,"4":0,"5":0,"6":0,"7":0,"8":0,"9":0,"10":0,"11":0,"12":0,"13":0,"14":0,"15":0,"16":0,"17":0,"18":0,"19":0,"20":0,"21":0,"22":0,"23":0,"24":0,"25":0,"26":0,"27":0,"28":0,"29":0,"30":0,"31":0,"32":0,"33":0,"34":0,"35":0,"36":0,"37":0,"38":0,"39":0,"40":0,"41":0,"42":0,"43":0,"44":0,"45":0,"46":0,"47":0,"48":0,"49":0,"50":0,"51":0,"52":0,"53":0,"54":0,"55":0,"56":0,"57":0,"58":0,"59":0,"60":0,"61":0,"62":0,"63":0,"64":0,"65":0,"66":0,"67":0,"68":0,"69":0,"70":0,"71":0,"72":0,"73":0,"74":0,"75":0,"76":0,"77":0,"78":0,"79":0,"80":0,"81":0,"82":0,"83":0,"84":0,"85":0,"86":0,"87":0,"88":0,"89":0,"90":0,"91":0,"92":0,"93":0,"94":0,"95":0,"96":0,"97":0,"98":0,"99":0,"100":0,"101":0,"102":0,"103":0,"104":0,"105":0,"106":0,"107":0,"108":0,"109":0,"110":0,"111":0,"112":0,"113":0,"114":0,"115":0,"116":0,"117":0,"118":0,"119":0,"120":0,"121":0,"122":0,"123":0,"124":0,"125":0,"126":0,"127":0,"128":0,"129":0,"130":0,"131":0,"132":0,"133":0,"134":0,"135":0,"136":0,"137":0,"138":0,"139":0,"140":0,"141":0,"142":0,"143":0,"144":0,"145":0,"146":0,"147":0,"148":0,"149":0,"150":0,"151":0,"152":0,"153":0,"154":0,"155":0,"156":0,"157":0,"158":0,"159":0,"160":0,"161":0,"162":0,"163":0,"164":0,"165":0,"166":0,"167":0,"168":0,"169":0,"170":0,"171":0,"172":0,"173":0,"174":0,"175":0,"176":0,"177":0,"178":0,"179":0,"180":0,"181":0,"182":0,"183":0,"184":0,"185":0,"186":0,"187":0,"188":0,"189":0,"190":0,"191":0,"192":0,"193":0,"194":0,"195":0,"196":0,"197":0,"198":0,"199":0,"200":0,"201":0,"202":0,"203":0,"204":0,"205":0,"206":0,"207":0,"208":0,"209":0,"210":0,"211":0,"212":0,"213":0,"214":0,"215":0,"216":0,"217":0,"218":0,"219":0,"220":0,"221":0,"222":0,"223":0,"224":0,"225":0,"226":0,"227":0,"228":0,"229":0,"230":0,"231":0,"232":0,"233":0,"234":0,"235":0,"236":0,"237":0,"238":0,"239":0,"240":0,"241":0,"242":0,"243":0,"244":0,"245":0,"246":0,"247":0,"248":0,"249":0,"250":0,"251":0,"252":0,"253":0,"254":0,"255":0,"256":0,"257":0,"258":0,"259":0,"260":0,"261":0,"262":0,"263":0,"264":0,"265":0,"266":0,"267":0,"268":0,"269":0,"270":0,"271":0,"272":0,"273":0,"274":0,"275":0,"276":0,"277":0,"278":0,"279":0,"280":0,"281":0,"282":0,"283":0,"284":0,"285":0,"286":0,"287":0,"288":0,"289":0,"290":0,"291":0,"292":0,"293":0,"294":0,"295":0,"296":0,"297":0,"298":0,"299":0,"300":0,"301":0,"302":0,"303":0,"304":0,"305":0,"306":0,"307":0,"308":0,"309":0,"310":0,"311":0,"312":0,"313":0,"314":0,"315":0,"316":0,"317":0,"318":0,"319":0,"320":0,"321":0,"322":0,"323":0,"324":0,"325":0,"326":0,"327":0,"328":0,"329":0,"330":0,"331":0,"332":0,"333":0,"334":0,"335":0,"336":0,"337":0,"338":0,"339":0,"340":0,"341":0,"342":0,"343":0,"344":0,"345":0,"346":0,"347":0,"348":0,"349":0,"350":0,"351":0,"352":0,"353":0,"354":0,"355":0,"356":0,"357":0,"358":0,"359":0,"360":0,"361":0,"362":0,"363":0,"364":0,"365":0,"366":0,"367":0,"368":0,"369":0,"370":0,"371":0,"372":0,"373":0,"374":0,"375":0,"376":0,"377":0,"378":0,"379":0,"380":0,"381":0,"382":0,"383":0,"384":0,"385":0,"386":0,"387":0,"388":0,"389":0,"390":0,"391":0,"392":0,"393":0,"394":0,"395":0,"396":0,"397":0,"398":0,"399":0,"400":0,"401":0,"402":0,"403":0,"404":0,"405":0,"406":0,"407":0,"408":0,"409":0,"410":0,"411":0,"412":0,"413":0,"414":0,"415":0,"416":0,"417":0,"418":0,"419":0,"420":0,"421":0,"422":0,"423":0,"424":0,"425":0,"426":0,"427":0,"428":0,"429":0,"430":0,"431":0,"432":0,"433":0,"434":0,"435":0,"436":0,"437":0,"438":0,"439":0,"440":0,"441":0,"442":0,"443":0,"444":0,"445":0,"446":0,"447":0,"448":0,"449":0,"450":0,"451":0,"452":0,"453":0,"454":0,"455":0,"456":0,"457":0,"458":0,"459":0,"460":0,"461":0,"462":0,"463":0,"464":0,"465":0,"466":0,"467":0,"468":0,"469":0,"470":0,"471":0,"472":0,"473":0,"474":0,"475":0,"476":0,"477":0,"478":0,"479":0,"480":0,"481":0,"482":0,"483":0,"484":0,"485":0,"486":0,"487":0,"488":0,"489":0,"490":0,"491":0,"492":0,"493":0,"494":0,"495":0,"496":0,"497":0,"498":0,"499":0,"500":0,"501":0,"502":0,"503":0,"504":0,"505":0,"506":0,"507":0,"508":0,"509":0,"510":0,"511":0,"512":0,"513":0,"514":0,"515":0,"516":0,"517":0,"518":0,"519":0,"520":0,"521":0,"522":0,"523":0,"524":0,"525":0,"526":0,"527":0,"528":0,"529":0,"530":0,"531":0,"532":0,"533":0,"534":0,"535":0,"536":0,"537":0,"538":0,"539":0,"540":0,"541":0,"542":0,"543":0,"544":0,"545":0},"b":{"1":[0,0],"2":[0,0,0,0,0,0,0],"3":[0,0],"4":[0,0],"5":[0,0],"6":[0,0],"7":[0,0],"8":[0,0],"9":[0,0],"10":[0,0],"11":[0,0],"12":[0,0],"13":[0,0],"14":[0,0],"15":[0,0],"16":[0,0],"17":[0,0],"18":[0,0],"19":[0,0,0,0,0,0,0],"20":[0,0],"21":[0,0],"22":[0,0],"23":[0,0],"24":[0,0],"25":[0,0],"26":[0,0],"27":[0,0],"28":[0,0],"29":[0,0],"30":[0,0],"31":[0,0],"32":[0,0],"33":[0,0],"34":[0,0],"35":[0,0],"36":[0,0],"37":[0,0],"38":[0,0],"39":[0,0],"40":[0,0],"41":[0,0],"42":[0,0],"43":[0,0],"44":[0,0,0,0,0],"45":[0,0],"46":[0,0],"47":[0,0],"48":[0,0,0,0,0,0,0],"49":[0,0],"50":[0,0],"51":[0,0],"52":[0,0],"53":[0,0],"54":[0,0],"55":[0,0],"56":[0,0],"57":[0,0],"58":[0,0],"59":[0,0],"60":[0,0],"61":[0,0],"62":[0,0],"63":[0,0],"64":[0,0],"65":[0,0],"66":[0,0],"67":[0,0],"68":[0,0],"69":[0,0],"70":[0,0],"71":[0,0],"72":[0,0],"73":[0,0,0],"74":[0,0],"75":[0,0],"76":[0,0],"77":[0,0],"78":[0,0],"79":[0,0],"80":[0,0],"81":[0,0],"82":[0,0],"83":[0,0],"84":[0,0,0],"85":[0,0],"86":[0,0],"87":[0,0],"88":[0,0],"89":[0,0],"90":[0,0,0,0],"91":[0,0],"92":[0,0],"93":[0,0],"94":[0,0],"95":[0,0],"96":[0,0],"97":[0,0,0,0],"98":[0,0],"99":[0,0],"100":[0,0],"101":[0,0],"102":[0,0],"103":[0,0],"104":[0,0],"105":[0,0],"106":[0,0],"107":[0,0],"108":[0,0],"109":[0,0],"110":[0,0],"111":[0,0],"112":[0,0,0],"113":[0,0,0],"114":[0,0],"115":[0,0],"116":[0,0],"117":[0,0],"118":[0,0],"119":[0,0],"120":[0,0],"121":[0,0],"122":[0,0]},"f":{"1":0,"2":0,"3":0,"4":0,"5":0,"6":0,"7":0,"8":0,"9":0,"10":0,"11":0,"12":0,"13":0,"14":0,"15":0,"16":0,"17":0,"18":0,"19":0,"20":0,"21":0,"22":0,"23":0,"24":0,"25":0,"26":0,"27":0,"28":0,"29":0,"30":0,"31":0,"32":0,"33":0,"34":0,"35":0,"36":0,"37":0,"38":0,"39":0,"40":0,"41":0,"42":0,"43":0,"44":0,"45":0,"46":0,"47":0,"48":0,"49":0,"50":0,"51":0,"52":0,"53":0,"54":0,"55":0,"56":0,"57":0,"58":0,"59":0,"60":0,"61":0,"62":0,"63":0,"64":0,"65":0,"66":0,"67":0,"68":0,"69":0,"70":0,"71":0,"72":0,"73":0,"74":0,"75":0,"76":0,"77":0,"78":0,"79":0,"80":0,"81":0,"82":0,"83":0,"84":0,"85":0,"86":0,"87":0,"88":0,"89":0,"90":0,"91":0,"92":0,"93":0,"94":0,"95":0,"96":0,"97":0,"98":0,"99":0,"100":0,"101":0,"102":0,"103":0,"104":0,"105":0,"106":0,"107":0,"108":0,"109":0,"110":0,"111":0,"112":0,"113":0,"114":0,"115":0,"116":0,"117":0,"118":0,"119":0,"120":0,"121":0,"122":0,"123":0,"124":0,"125":0,"126":0},"fnMap":{"1":{"name":"(anonymous_1)","line":19,"loc":{"start":{"line":19,"column":12},"end":{"line":19,"column":30}}},"2":{"name":"(anonymous_2)","line":83,"loc":{"start":{"line":83,"column":18},"end":{"line":83,"column":32}}},"3":{"name":"(anonymous_3)","line":99,"loc":{"start":{"line":99,"column":19},"end":{"line":99,"column":32}}},"4":{"name":"(anonymous_4)","line":105,"loc":{"start":{"line":105,"column":13},"end":{"line":105,"column":31}}},"5":{"name":"(anonymous_5)","line":142,"loc":{"start":{"line":142,"column":10},"end":{"line":142,"column":28}}},"6":{"name":"(anonymous_6)","line":163,"loc":{"start":{"line":163,"column":18},"end":{"line":163,"column":32}}},"7":{"name":"(anonymous_7)","line":174,"loc":{"start":{"line":174,"column":19},"end":{"line":174,"column":32}}},"8":{"name":"(anonymous_8)","line":180,"loc":{"start":{"line":180,"column":10},"end":{"line":180,"column":28}}},"9":{"name":"(anonymous_9)","line":190,"loc":{"start":{"line":190,"column":29},"end":{"line":190,"column":54}}},"10":{"name":"(anonymous_10)","line":192,"loc":{"start":{"line":192,"column":23},"end":{"line":192,"column":41}}},"11":{"name":"(anonymous_11)","line":195,"loc":{"start":{"line":195,"column":26},"end":{"line":195,"column":41}}},"12":{"name":"(anonymous_12)","line":199,"loc":{"start":{"line":199,"column":26},"end":{"line":199,"column":44}}},"13":{"name":"(anonymous_13)","line":204,"loc":{"start":{"line":204,"column":26},"end":{"line":204,"column":41}}},"14":{"name":"(anonymous_14)","line":208,"loc":{"start":{"line":208,"column":28},"end":{"line":208,"column":46}}},"15":{"name":"(anonymous_15)","line":214,"loc":{"start":{"line":214,"column":26},"end":{"line":214,"column":41}}},"16":{"name":"(anonymous_16)","line":218,"loc":{"start":{"line":218,"column":29},"end":{"line":218,"column":47}}},"17":{"name":"(anonymous_17)","line":225,"loc":{"start":{"line":225,"column":26},"end":{"line":225,"column":41}}},"18":{"name":"(anonymous_18)","line":230,"loc":{"start":{"line":230,"column":12},"end":{"line":230,"column":34}}},"19":{"name":"(anonymous_19)","line":244,"loc":{"start":{"line":244,"column":11},"end":{"line":244,"column":24}}},"20":{"name":"(anonymous_20)","line":308,"loc":{"start":{"line":308,"column":22},"end":{"line":308,"column":37}}},"21":{"name":"(anonymous_21)","line":323,"loc":{"start":{"line":323,"column":23},"end":{"line":323,"column":36}}},"22":{"name":"(anonymous_22)","line":330,"loc":{"start":{"line":330,"column":12},"end":{"line":330,"column":30}}},"23":{"name":"(anonymous_23)","line":355,"loc":{"start":{"line":355,"column":87},"end":{"line":355,"column":117}}},"24":{"name":"(anonymous_24)","line":369,"loc":{"start":{"line":369,"column":59},"end":{"line":369,"column":74}}},"25":{"name":"(anonymous_25)","line":378,"loc":{"start":{"line":378,"column":26},"end":{"line":378,"column":40}}},"26":{"name":"(anonymous_26)","line":382,"loc":{"start":{"line":382,"column":27},"end":{"line":382,"column":40}}},"27":{"name":"(anonymous_27)","line":385,"loc":{"start":{"line":385,"column":59},"end":{"line":385,"column":74}}},"28":{"name":"(anonymous_28)","line":398,"loc":{"start":{"line":398,"column":90},"end":{"line":398,"column":120}}},"29":{"name":"(anonymous_29)","line":412,"loc":{"start":{"line":412,"column":59},"end":{"line":412,"column":74}}},"30":{"name":"(anonymous_30)","line":421,"loc":{"start":{"line":421,"column":26},"end":{"line":421,"column":40}}},"31":{"name":"(anonymous_31)","line":425,"loc":{"start":{"line":425,"column":27},"end":{"line":425,"column":40}}},"32":{"name":"(anonymous_32)","line":428,"loc":{"start":{"line":428,"column":59},"end":{"line":428,"column":74}}},"33":{"name":"(anonymous_33)","line":449,"loc":{"start":{"line":449,"column":84},"end":{"line":449,"column":114}}},"34":{"name":"(anonymous_34)","line":463,"loc":{"start":{"line":463,"column":59},"end":{"line":463,"column":74}}},"35":{"name":"(anonymous_35)","line":472,"loc":{"start":{"line":472,"column":26},"end":{"line":472,"column":40}}},"36":{"name":"(anonymous_36)","line":476,"loc":{"start":{"line":476,"column":27},"end":{"line":476,"column":40}}},"37":{"name":"(anonymous_37)","line":479,"loc":{"start":{"line":479,"column":59},"end":{"line":479,"column":74}}},"38":{"name":"(anonymous_38)","line":496,"loc":{"start":{"line":496,"column":83},"end":{"line":496,"column":113}}},"39":{"name":"(anonymous_39)","line":510,"loc":{"start":{"line":510,"column":59},"end":{"line":510,"column":74}}},"40":{"name":"(anonymous_40)","line":520,"loc":{"start":{"line":520,"column":26},"end":{"line":520,"column":40}}},"41":{"name":"(anonymous_41)","line":525,"loc":{"start":{"line":525,"column":27},"end":{"line":525,"column":40}}},"42":{"name":"(anonymous_42)","line":529,"loc":{"start":{"line":529,"column":59},"end":{"line":529,"column":74}}},"43":{"name":"(anonymous_43)","line":553,"loc":{"start":{"line":553,"column":22},"end":{"line":553,"column":36}}},"44":{"name":"(anonymous_44)","line":557,"loc":{"start":{"line":557,"column":23},"end":{"line":557,"column":36}}},"45":{"name":"(anonymous_45)","line":564,"loc":{"start":{"line":564,"column":12},"end":{"line":564,"column":30}}},"46":{"name":"(anonymous_46)","line":594,"loc":{"start":{"line":594,"column":87},"end":{"line":594,"column":117}}},"47":{"name":"(anonymous_47)","line":608,"loc":{"start":{"line":608,"column":59},"end":{"line":608,"column":74}}},"48":{"name":"(anonymous_48)","line":617,"loc":{"start":{"line":617,"column":26},"end":{"line":617,"column":36}}},"49":{"name":"(anonymous_49)","line":623,"loc":{"start":{"line":623,"column":49},"end":{"line":623,"column":64}}},"50":{"name":"(anonymous_50)","line":630,"loc":{"start":{"line":630,"column":27},"end":{"line":630,"column":40}}},"51":{"name":"(anonymous_51)","line":633,"loc":{"start":{"line":633,"column":59},"end":{"line":633,"column":74}}},"52":{"name":"(anonymous_52)","line":646,"loc":{"start":{"line":646,"column":90},"end":{"line":646,"column":120}}},"53":{"name":"(anonymous_53)","line":660,"loc":{"start":{"line":660,"column":59},"end":{"line":660,"column":74}}},"54":{"name":"(anonymous_54)","line":669,"loc":{"start":{"line":669,"column":26},"end":{"line":669,"column":36}}},"55":{"name":"(anonymous_55)","line":675,"loc":{"start":{"line":675,"column":49},"end":{"line":675,"column":64}}},"56":{"name":"(anonymous_56)","line":682,"loc":{"start":{"line":682,"column":27},"end":{"line":682,"column":40}}},"57":{"name":"(anonymous_57)","line":685,"loc":{"start":{"line":685,"column":59},"end":{"line":685,"column":74}}},"58":{"name":"(anonymous_58)","line":704,"loc":{"start":{"line":704,"column":84},"end":{"line":704,"column":114}}},"59":{"name":"(anonymous_59)","line":718,"loc":{"start":{"line":718,"column":59},"end":{"line":718,"column":74}}},"60":{"name":"(anonymous_60)","line":727,"loc":{"start":{"line":727,"column":26},"end":{"line":727,"column":36}}},"61":{"name":"(anonymous_61)","line":733,"loc":{"start":{"line":733,"column":49},"end":{"line":733,"column":64}}},"62":{"name":"(anonymous_62)","line":740,"loc":{"start":{"line":740,"column":27},"end":{"line":740,"column":40}}},"63":{"name":"(anonymous_63)","line":743,"loc":{"start":{"line":743,"column":59},"end":{"line":743,"column":74}}},"64":{"name":"(anonymous_64)","line":759,"loc":{"start":{"line":759,"column":83},"end":{"line":759,"column":113}}},"65":{"name":"(anonymous_65)","line":774,"loc":{"start":{"line":774,"column":59},"end":{"line":774,"column":74}}},"66":{"name":"(anonymous_66)","line":783,"loc":{"start":{"line":783,"column":26},"end":{"line":783,"column":36}}},"67":{"name":"(anonymous_67)","line":789,"loc":{"start":{"line":789,"column":49},"end":{"line":789,"column":64}}},"68":{"name":"(anonymous_68)","line":796,"loc":{"start":{"line":796,"column":27},"end":{"line":796,"column":40}}},"69":{"name":"(anonymous_69)","line":799,"loc":{"start":{"line":799,"column":59},"end":{"line":799,"column":74}}},"70":{"name":"(anonymous_70)","line":818,"loc":{"start":{"line":818,"column":22},"end":{"line":818,"column":32}}},"71":{"name":"(anonymous_71)","line":821,"loc":{"start":{"line":821,"column":23},"end":{"line":821,"column":36}}},"72":{"name":"(anonymous_72)","line":827,"loc":{"start":{"line":827,"column":13},"end":{"line":827,"column":31}}},"73":{"name":"(anonymous_73)","line":837,"loc":{"start":{"line":837,"column":14},"end":{"line":837,"column":24}}},"74":{"name":"(anonymous_74)","line":840,"loc":{"start":{"line":840,"column":15},"end":{"line":840,"column":28}}},"75":{"name":"(anonymous_75)","line":845,"loc":{"start":{"line":845,"column":9},"end":{"line":845,"column":27}}},"76":{"name":"(anonymous_76)","line":855,"loc":{"start":{"line":855,"column":14},"end":{"line":855,"column":24}}},"77":{"name":"(anonymous_77)","line":858,"loc":{"start":{"line":858,"column":15},"end":{"line":858,"column":28}}},"78":{"name":"(anonymous_78)","line":863,"loc":{"start":{"line":863,"column":12},"end":{"line":863,"column":30}}},"79":{"name":"(anonymous_79)","line":874,"loc":{"start":{"line":874,"column":22},"end":{"line":874,"column":36}}},"80":{"name":"(anonymous_80)","line":878,"loc":{"start":{"line":878,"column":26},"end":{"line":878,"column":36}}},"81":{"name":"(anonymous_81)","line":883,"loc":{"start":{"line":883,"column":49},"end":{"line":883,"column":64}}},"82":{"name":"(anonymous_82)","line":890,"loc":{"start":{"line":890,"column":27},"end":{"line":890,"column":40}}},"83":{"name":"(anonymous_83)","line":894,"loc":{"start":{"line":894,"column":23},"end":{"line":894,"column":36}}},"84":{"name":"(anonymous_84)","line":900,"loc":{"start":{"line":900,"column":22},"end":{"line":900,"column":36}}},"85":{"name":"(anonymous_85)","line":904,"loc":{"start":{"line":904,"column":26},"end":{"line":904,"column":36}}},"86":{"name":"(anonymous_86)","line":909,"loc":{"start":{"line":909,"column":49},"end":{"line":909,"column":64}}},"87":{"name":"(anonymous_87)","line":916,"loc":{"start":{"line":916,"column":27},"end":{"line":916,"column":40}}},"88":{"name":"(anonymous_88)","line":920,"loc":{"start":{"line":920,"column":23},"end":{"line":920,"column":36}}},"89":{"name":"(anonymous_89)","line":926,"loc":{"start":{"line":926,"column":22},"end":{"line":926,"column":36}}},"90":{"name":"(anonymous_90)","line":930,"loc":{"start":{"line":930,"column":26},"end":{"line":930,"column":36}}},"91":{"name":"(anonymous_91)","line":935,"loc":{"start":{"line":935,"column":49},"end":{"line":935,"column":64}}},"92":{"name":"(anonymous_92)","line":942,"loc":{"start":{"line":942,"column":27},"end":{"line":942,"column":40}}},"93":{"name":"(anonymous_93)","line":946,"loc":{"start":{"line":946,"column":23},"end":{"line":946,"column":36}}},"94":{"name":"(anonymous_94)","line":965,"loc":{"start":{"line":965,"column":22},"end":{"line":965,"column":32}}},"95":{"name":"(anonymous_95)","line":968,"loc":{"start":{"line":968,"column":23},"end":{"line":968,"column":36}}},"96":{"name":"(anonymous_96)","line":974,"loc":{"start":{"line":974,"column":10},"end":{"line":974,"column":28}}},"97":{"name":"(anonymous_97)","line":978,"loc":{"start":{"line":978,"column":27},"end":{"line":978,"column":52}}},"98":{"name":"(anonymous_98)","line":987,"loc":{"start":{"line":987,"column":18},"end":{"line":987,"column":28}}},"99":{"name":"(anonymous_99)","line":990,"loc":{"start":{"line":990,"column":19},"end":{"line":990,"column":32}}},"100":{"name":"(anonymous_100)","line":993,"loc":{"start":{"line":993,"column":11},"end":{"line":993,"column":24}}},"101":{"name":"(anonymous_101)","line":1003,"loc":{"start":{"line":1003,"column":11},"end":{"line":1003,"column":31}}},"102":{"name":"(anonymous_102)","line":1007,"loc":{"start":{"line":1007,"column":14},"end":{"line":1007,"column":34}}},"103":{"name":"(anonymous_103)","line":1029,"loc":{"start":{"line":1029,"column":13},"end":{"line":1029,"column":33}}},"104":{"name":"(anonymous_104)","line":1032,"loc":{"start":{"line":1032,"column":16},"end":{"line":1032,"column":36}}},"105":{"name":"(anonymous_105)","line":1041,"loc":{"start":{"line":1041,"column":17},"end":{"line":1041,"column":37}}},"106":{"name":"(anonymous_106)","line":1048,"loc":{"start":{"line":1048,"column":60},"end":{"line":1048,"column":82}}},"107":{"name":"(anonymous_107)","line":1055,"loc":{"start":{"line":1055,"column":16},"end":{"line":1055,"column":36}}},"108":{"name":"(anonymous_108)","line":1060,"loc":{"start":{"line":1060,"column":14},"end":{"line":1060,"column":41}}},"109":{"name":"(anonymous_109)","line":1076,"loc":{"start":{"line":1076,"column":18},"end":{"line":1076,"column":40}}},"110":{"name":"(anonymous_110)","line":1094,"loc":{"start":{"line":1094,"column":50},"end":{"line":1094,"column":66}}},"111":{"name":"(anonymous_111)","line":1099,"loc":{"start":{"line":1099,"column":52},"end":{"line":1099,"column":68}}},"112":{"name":"(anonymous_112)","line":1106,"loc":{"start":{"line":1106,"column":71},"end":{"line":1106,"column":87}}},"113":{"name":"(anonymous_113)","line":1109,"loc":{"start":{"line":1109,"column":71},"end":{"line":1109,"column":87}}},"114":{"name":"(anonymous_114)","line":1112,"loc":{"start":{"line":1112,"column":71},"end":{"line":1112,"column":87}}},"115":{"name":"(anonymous_115)","line":1115,"loc":{"start":{"line":1115,"column":71},"end":{"line":1115,"column":85}}},"116":{"name":"(anonymous_116)","line":1133,"loc":{"start":{"line":1133,"column":14},"end":{"line":1133,"column":34}}},"117":{"name":"(anonymous_117)","line":1138,"loc":{"start":{"line":1138,"column":14},"end":{"line":1138,"column":41}}},"118":{"name":"(anonymous_118)","line":1153,"loc":{"start":{"line":1153,"column":18},"end":{"line":1153,"column":40}}},"119":{"name":"(anonymous_119)","line":1179,"loc":{"start":{"line":1179,"column":14},"end":{"line":1179,"column":31}}},"120":{"name":"(anonymous_120)","line":1183,"loc":{"start":{"line":1183,"column":59},"end":{"line":1183,"column":81}}},"121":{"name":"(anonymous_121)","line":1191,"loc":{"start":{"line":1191,"column":17},"end":{"line":1191,"column":37}}},"122":{"name":"(anonymous_122)","line":1198,"loc":{"start":{"line":1198,"column":59},"end":{"line":1198,"column":81}}},"123":{"name":"(anonymous_123)","line":1206,"loc":{"start":{"line":1206,"column":16},"end":{"line":1206,"column":36}}},"124":{"name":"(anonymous_124)","line":1208,"loc":{"start":{"line":1208,"column":14},"end":{"line":1208,"column":28}}},"125":{"name":"(anonymous_125)","line":1214,"loc":{"start":{"line":1214,"column":14},"end":{"line":1214,"column":24}}},"126":{"name":"(anonymous_126)","line":1217,"loc":{"start":{"line":1217,"column":15},"end":{"line":1217,"column":30}}}},"statementMap":{"1":{"start":{"line":8,"column":0},"end":{"line":8,"column":23}},"2":{"start":{"line":9,"column":0},"end":{"line":9,"column":24}},"3":{"start":{"line":11,"column":0},"end":{"line":1222,"column":2}},"4":{"start":{"line":20,"column":8},"end":{"line":20,"column":67}},"5":{"start":{"line":21,"column":8},"end":{"line":21,"column":24}},"6":{"start":{"line":22,"column":8},"end":{"line":22,"column":22}},"7":{"start":{"line":23,"column":8},"end":{"line":23,"column":22}},"8":{"start":{"line":26,"column":8},"end":{"line":102,"column":9}},"9":{"start":{"line":28,"column":12},"end":{"line":28,"column":32}},"10":{"start":{"line":29,"column":12},"end":{"line":29,"column":32}},"11":{"start":{"line":32,"column":12},"end":{"line":64,"column":13}},"12":{"start":{"line":35,"column":20},"end":{"line":35,"column":33}},"13":{"start":{"line":36,"column":20},"end":{"line":36,"column":38}},"14":{"start":{"line":37,"column":20},"end":{"line":37,"column":43}},"15":{"start":{"line":38,"column":20},"end":{"line":38,"column":36}},"16":{"start":{"line":39,"column":20},"end":{"line":39,"column":26}},"17":{"start":{"line":41,"column":20},"end":{"line":41,"column":33}},"18":{"start":{"line":42,"column":20},"end":{"line":42,"column":36}},"19":{"start":{"line":43,"column":20},"end":{"line":43,"column":26}},"20":{"start":{"line":45,"column":20},"end":{"line":45,"column":33}},"21":{"start":{"line":46,"column":20},"end":{"line":46,"column":35}},"22":{"start":{"line":47,"column":20},"end":{"line":47,"column":36}},"23":{"start":{"line":48,"column":20},"end":{"line":48,"column":42}},"24":{"start":{"line":49,"column":20},"end":{"line":49,"column":42}},"25":{"start":{"line":50,"column":20},"end":{"line":50,"column":26}},"26":{"start":{"line":52,"column":20},"end":{"line":52,"column":33}},"27":{"start":{"line":53,"column":20},"end":{"line":53,"column":26}},"28":{"start":{"line":55,"column":20},"end":{"line":55,"column":33}},"29":{"start":{"line":56,"column":20},"end":{"line":56,"column":26}},"30":{"start":{"line":58,"column":20},"end":{"line":58,"column":33}},"31":{"start":{"line":59,"column":20},"end":{"line":59,"column":35}},"32":{"start":{"line":60,"column":20},"end":{"line":60,"column":36}},"33":{"start":{"line":61,"column":20},"end":{"line":61,"column":26}},"34":{"start":{"line":63,"column":20},"end":{"line":63,"column":26}},"35":{"start":{"line":66,"column":12},"end":{"line":66,"column":49}},"36":{"start":{"line":67,"column":12},"end":{"line":67,"column":45}},"37":{"start":{"line":69,"column":12},"end":{"line":74,"column":15}},"38":{"start":{"line":78,"column":12},"end":{"line":80,"column":13}},"39":{"start":{"line":82,"column":12},"end":{"line":101,"column":15}},"40":{"start":{"line":84,"column":16},"end":{"line":97,"column":17}},"41":{"start":{"line":85,"column":20},"end":{"line":85,"column":42}},"42":{"start":{"line":88,"column":20},"end":{"line":88,"column":76}},"43":{"start":{"line":89,"column":20},"end":{"line":89,"column":57}},"44":{"start":{"line":90,"column":20},"end":{"line":90,"column":53}},"45":{"start":{"line":91,"column":20},"end":{"line":96,"column":23}},"46":{"start":{"line":100,"column":16},"end":{"line":100,"column":45}},"47":{"start":{"line":106,"column":8},"end":{"line":106,"column":67}},"48":{"start":{"line":109,"column":8},"end":{"line":139,"column":9}},"49":{"start":{"line":110,"column":12},"end":{"line":110,"column":53}},"50":{"start":{"line":111,"column":12},"end":{"line":111,"column":34}},"51":{"start":{"line":113,"column":12},"end":{"line":118,"column":13}},"52":{"start":{"line":120,"column":12},"end":{"line":123,"column":15}},"53":{"start":{"line":127,"column":12},"end":{"line":127,"column":53}},"54":{"start":{"line":128,"column":12},"end":{"line":128,"column":61}},"55":{"start":{"line":130,"column":12},"end":{"line":133,"column":13}},"56":{"start":{"line":135,"column":12},"end":{"line":138,"column":15}},"57":{"start":{"line":143,"column":8},"end":{"line":143,"column":67}},"58":{"start":{"line":144,"column":8},"end":{"line":144,"column":49}},"59":{"start":{"line":146,"column":8},"end":{"line":177,"column":9}},"60":{"start":{"line":147,"column":12},"end":{"line":150,"column":13}},"61":{"start":{"line":151,"column":12},"end":{"line":154,"column":15}},"62":{"start":{"line":158,"column":12},"end":{"line":160,"column":13}},"63":{"start":{"line":162,"column":12},"end":{"line":176,"column":15}},"64":{"start":{"line":164,"column":16},"end":{"line":172,"column":17}},"65":{"start":{"line":165,"column":20},"end":{"line":165,"column":42}},"66":{"start":{"line":168,"column":20},"end":{"line":171,"column":23}},"67":{"start":{"line":175,"column":16},"end":{"line":175,"column":45}},"68":{"start":{"line":181,"column":8},"end":{"line":181,"column":70}},"69":{"start":{"line":182,"column":8},"end":{"line":182,"column":41}},"70":{"start":{"line":183,"column":8},"end":{"line":185,"column":44}},"71":{"start":{"line":186,"column":8},"end":{"line":186,"column":24}},"72":{"start":{"line":187,"column":8},"end":{"line":187,"column":29}},"73":{"start":{"line":190,"column":8},"end":{"line":327,"column":11}},"74":{"start":{"line":191,"column":12},"end":{"line":243,"column":15}},"75":{"start":{"line":193,"column":20},"end":{"line":193,"column":38}},"76":{"start":{"line":194,"column":20},"end":{"line":197,"column":22}},"77":{"start":{"line":196,"column":24},"end":{"line":196,"column":46}},"78":{"start":{"line":200,"column":20},"end":{"line":202,"column":22}},"79":{"start":{"line":203,"column":20},"end":{"line":206,"column":22}},"80":{"start":{"line":205,"column":24},"end":{"line":205,"column":46}},"81":{"start":{"line":209,"column":20},"end":{"line":212,"column":22}},"82":{"start":{"line":213,"column":20},"end":{"line":216,"column":22}},"83":{"start":{"line":215,"column":24},"end":{"line":215,"column":46}},"84":{"start":{"line":219,"column":20},"end":{"line":222,"column":22}},"85":{"start":{"line":224,"column":20},"end":{"line":227,"column":22}},"86":{"start":{"line":226,"column":24},"end":{"line":226,"column":46}},"87":{"start":{"line":231,"column":16},"end":{"line":242,"column":17}},"88":{"start":{"line":232,"column":20},"end":{"line":232,"column":49}},"89":{"start":{"line":235,"column":20},"end":{"line":240,"column":22}},"90":{"start":{"line":241,"column":20},"end":{"line":241,"column":31}},"91":{"start":{"line":245,"column":12},"end":{"line":326,"column":13}},"92":{"start":{"line":246,"column":16},"end":{"line":246,"column":45}},"93":{"start":{"line":249,"column":16},"end":{"line":303,"column":17}},"94":{"start":{"line":250,"column":20},"end":{"line":259,"column":21}},"95":{"start":{"line":251,"column":24},"end":{"line":253,"column":26}},"96":{"start":{"line":256,"column":24},"end":{"line":258,"column":26}},"97":{"start":{"line":262,"column":21},"end":{"line":303,"column":17}},"98":{"start":{"line":263,"column":20},"end":{"line":274,"column":21}},"99":{"start":{"line":264,"column":24},"end":{"line":267,"column":26}},"100":{"start":{"line":270,"column":24},"end":{"line":273,"column":26}},"101":{"start":{"line":276,"column":21},"end":{"line":303,"column":17}},"102":{"start":{"line":277,"column":20},"end":{"line":288,"column":21}},"103":{"start":{"line":278,"column":24},"end":{"line":281,"column":26}},"104":{"start":{"line":284,"column":24},"end":{"line":287,"column":26}},"105":{"start":{"line":291,"column":20},"end":{"line":302,"column":21}},"106":{"start":{"line":292,"column":24},"end":{"line":295,"column":26}},"107":{"start":{"line":298,"column":24},"end":{"line":301,"column":26}},"108":{"start":{"line":306,"column":16},"end":{"line":325,"column":19}},"109":{"start":{"line":310,"column":20},"end":{"line":312,"column":21}},"110":{"start":{"line":311,"column":24},"end":{"line":311,"column":88}},"111":{"start":{"line":313,"column":2
[...]
:{"line":189,"column":16},"end":{"line":189,"column":80}},"71":{"start":{"line":191,"column":12},"end":{"line":193,"column":15}},"72":{"start":{"line":196,"column":12},"end":{"line":196,"column":41}},"73":{"start":{"line":202,"column":8},"end":{"line":202,"column":31}},"74":{"start":{"line":203,"column":8},"end":{"line":203,"column":49}},"75":{"start":{"line":204,"column":8},"end":{"line":204,"column":29}},"76":{"start":{"line":205,"column":8},"end":{"line":208,"column":9}},"77":{"start":{"line":210,"column":8},"end":{"line":222,"column":11}},"78":{"start":{"line":212,"column":12},"end":{"line":214,"column":13}},"79":{"start":{"line":213,"column":16},"end":{"line":213,"column":80}},"80":{"start":{"line":215,"column":12},"end":{"line":218,"column":15}},"81":{"start":{"line":221,"column":12},"end":{"line":221,"column":41}},"82":{"start":{"line":225,"column":8},"end":{"line":225,"column":31}},"83":{"start":{"line":226,"column":8},"end":{"line":226,"column":49}},"84":{"start":{"line":227,"column":8},"end":{"line":227,"column":29}},"85":{"start":{"line":228,"column":8},"end":{"line":230,"column":9}},"86":{"start":{"line":231,"column":8},"end":{"line":241,"column":11}},"87":{"start":{"line":233,"column":12},"end":{"line":233,"column":68}},"88":{"start":{"line":235,"column":12},"end":{"line":237,"column":15}},"89":{"start":{"line":240,"column":12},"end":{"line":240,"column":41}},"90":{"start":{"line":246,"column":8},"end":{"line":246,"column":34}},"91":{"start":{"line":247,"column":8},"end":{"line":247,"column":49}},"92":{"start":{"line":248,"column":8},"end":{"line":248,"column":29}},"93":{"start":{"line":249,"column":8},"end":{"line":252,"column":9}},"94":{"start":{"line":254,"column":8},"end":{"line":266,"column":11}},"95":{"start":{"line":256,"column":12},"end":{"line":258,"column":13}},"96":{"start":{"line":257,"column":16},"end":{"line":257,"column":80}},"97":{"start":{"line":259,"column":12},"end":{"line":262,"column":15}},"98":{"start":{"line":265,"column":12},"end":{"line":265,"column":41}},"99":{"start":{"line":269,"column":8},"end":{"line":269,"column":34}},"100":{"start":{"line":270,"column":8},"end":{"line":270,"column":49}},"101":{"start":{"line":271,"column":8},"end":{"line":271,"column":29}},"102":{"start":{"line":272,"column":8},"end":{"line":274,"column":9}},"103":{"start":{"line":276,"column":8},"end":{"line":286,"column":11}},"104":{"start":{"line":278,"column":12},"end":{"line":278,"column":68}},"105":{"start":{"line":280,"column":12},"end":{"line":282,"column":15}},"106":{"start":{"line":285,"column":12},"end":{"line":285,"column":41}},"107":{"start":{"line":291,"column":8},"end":{"line":291,"column":27}},"108":{"start":{"line":292,"column":8},"end":{"line":292,"column":49}},"109":{"start":{"line":293,"column":8},"end":{"line":293,"column":29}},"110":{"start":{"line":294,"column":8},"end":{"line":298,"column":9}},"111":{"start":{"line":300,"column":8},"end":{"line":309,"column":11}},"112":{"start":{"line":302,"column":12},"end":{"line":305,"column":15}},"113":{"start":{"line":308,"column":12},"end":{"line":308,"column":41}},"114":{"start":{"line":313,"column":8},"end":{"line":313,"column":28}},"115":{"start":{"line":314,"column":8},"end":{"line":314,"column":49}},"116":{"start":{"line":315,"column":8},"end":{"line":315,"column":29}},"117":{"start":{"line":316,"column":8},"end":{"line":319,"column":9}},"118":{"start":{"line":321,"column":8},"end":{"line":332,"column":11}},"119":{"start":{"line":323,"column":12},"end":{"line":325,"column":13}},"120":{"start":{"line":324,"column":16},"end":{"line":324,"column":80}},"121":{"start":{"line":326,"column":12},"end":{"line":328,"column":15}},"122":{"start":{"line":331,"column":12},"end":{"line":331,"column":41}},"123":{"start":{"line":338,"column":8},"end":{"line":338,"column":31}},"124":{"start":{"line":339,"column":8},"end":{"line":339,"column":49}},"125":{"start":{"line":340,"column":8},"end":{"line":340,"column":29}},"126":{"start":{"line":341,"column":8},"end":{"line":344,"column":9}},"127":{"start":{"line":346,"column":8},"end":{"line":357,"column":11}},"128":{"start":{"line":348,"column":12},"end":{"line":350,"column":13}},"129":{"start":{"line":349,"column":16},"end":{"line":349,"column":80}},"130":{"start":{"line":351,"column":12},"end":{"line":353,"column":15}},"131":{"start":{"line":356,"column":12},"end":{"line":356,"column":41}},"132":{"start":{"line":362,"column":8},"end":{"line":362,"column":28}},"133":{"start":{"line":363,"column":8},"end":{"line":363,"column":49}},"134":{"start":{"line":364,"column":8},"end":{"line":364,"column":29}},"135":{"start":{"line":365,"column":8},"end":{"line":368,"column":9}},"136":{"start":{"line":370,"column":8},"end":{"line":382,"column":11}},"137":{"start":{"line":372,"column":12},"end":{"line":374,"column":13}},"138":{"start":{"line":373,"column":16},"end":{"line":373,"column":80}},"139":{"start":{"line":375,"column":12},"end":{"line":378,"column":15}},"140":{"start":{"line":381,"column":12},"end":{"line":381,"column":41}},"141":{"start":{"line":385,"column":8},"end":{"line":385,"column":28}},"142":{"start":{"line":386,"column":8},"end":{"line":386,"column":49}},"143":{"start":{"line":387,"column":8},"end":{"line":387,"column":29}},"144":{"start":{"line":388,"column":8},"end":{"line":390,"column":9}},"145":{"start":{"line":392,"column":8},"end":{"line":402,"column":11}},"146":{"start":{"line":394,"column":12},"end":{"line":394,"column":68}},"147":{"start":{"line":396,"column":12},"end":{"line":398,"column":15}},"148":{"start":{"line":401,"column":12},"end":{"line":401,"column":41}},"149":{"start":{"line":405,"column":8},"end":{"line":405,"column":28}},"150":{"start":{"line":406,"column":8},"end":{"line":406,"column":49}},"151":{"start":{"line":407,"column":8},"end":{"line":407,"column":29}},"152":{"start":{"line":408,"column":8},"end":{"line":411,"column":9}},"153":{"start":{"line":413,"column":8},"end":{"line":425,"column":11}},"154":{"start":{"line":415,"column":12},"end":{"line":417,"column":13}},"155":{"start":{"line":416,"column":16},"end":{"line":416,"column":80}},"156":{"start":{"line":418,"column":12},"end":{"line":421,"column":15}},"157":{"start":{"line":424,"column":12},"end":{"line":424,"column":41}},"158":{"start":{"line":429,"column":8},"end":{"line":429,"column":28}},"159":{"start":{"line":430,"column":8},"end":{"line":430,"column":49}},"160":{"start":{"line":431,"column":8},"end":{"line":431,"column":29}},"161":{"start":{"line":432,"column":8},"end":{"line":435,"column":9}},"162":{"start":{"line":437,"column":8},"end":{"line":439,"column":11}},"163":{"start":{"line":440,"column":8},"end":{"line":442,"column":10}},"164":{"start":{"line":443,"column":8},"end":{"line":453,"column":11}},"165":{"start":{"line":444,"column":12},"end":{"line":444,"column":37}},"166":{"start":{"line":445,"column":12},"end":{"line":445,"column":35}},"167":{"start":{"line":446,"column":12},"end":{"line":449,"column":15}},"168":{"start":{"line":452,"column":12},"end":{"line":452,"column":41}},"169":{"start":{"line":458,"column":8},"end":{"line":458,"column":28}},"170":{"start":{"line":459,"column":8},"end":{"line":459,"column":49}},"171":{"start":{"line":460,"column":8},"end":{"line":460,"column":29}},"172":{"start":{"line":461,"column":8},"end":{"line":464,"column":9}},"173":{"start":{"line":466,"column":8},"end":{"line":477,"column":11}},"174":{"start":{"line":468,"column":12},"end":{"line":470,"column":13}},"175":{"start":{"line":469,"column":16},"end":{"line":469,"column":80}},"176":{"start":{"line":471,"column":12},"end":{"line":473,"column":15}},"177":{"start":{"line":476,"column":12},"end":{"line":476,"column":41}},"178":{"start":{"line":482,"column":8},"end":{"line":482,"column":29}},"179":{"start":{"line":483,"column":8},"end":{"line":483,"column":49}},"180":{"start":{"line":484,"column":8},"end":{"line":484,"column":29}},"181":{"start":{"line":485,"column":8},"end":{"line":488,"column":9}},"182":{"start":{"line":490,"column":8},"end":{"line":501,"column":11}},"183":{"start":{"line":492,"column":12},"end":{"line":494,"column":13}},"184":{"start":{"line":493,"column":16},"end":{"line":493,"column":80}},"185":{"start":{"line":495,"column":12},"end":{"line":497,"column":15}},"186":{"start":{"line":500,"column":12},"end":{"line":500,"column":41}},"187":{"start":{"line":506,"column":8},"end":{"line":506,"column":24}},"188":{"start":{"line":507,"column":8},"end":{"line":507,"column":49}},"189":{"start":{"line":508,"column":8},"end":{"line":508,"column":29}},"190":{"start":{"line":509,"column":8},"end":{"line":512,"column":9}},"191":{"start":{"line":514,"column":8},"end":{"line":525,"column":11}},"192":{"start":{"line":516,"column":12},"end":{"line":518,"column":13}},"193":{"start":{"line":517,"column":16},"end":{"line":517,"column":80}},"194":{"start":{"line":519,"column":12},"end":{"line":521,"column":15}},"195":{"start":{"line":524,"column":12},"end":{"line":524,"column":41}},"196":{"start":{"line":530,"column":8},"end":{"line":530,"column":26}},"197":{"start":{"line":531,"column":8},"end":{"line":531,"column":49}},"198":{"start":{"line":532,"column":8},"end":{"line":532,"column":29}},"199":{"start":{"line":533,"column":8},"end":{"line":536,"column":9}},"200":{"start":{"line":538,"column":8},"end":{"line":549,"column":11}},"201":{"start":{"line":540,"column":12},"end":{"line":542,"column":13}},"202":{"start":{"line":541,"column":16},"end":{"line":541,"column":80}},"203":{"start":{"line":543,"column":12},"end":{"line":545,"column":15}},"204":{"start":{"line":548,"column":12},"end":{"line":548,"column":41}},"205":{"start":{"line":553,"column":8},"end":{"line":554,"column":11}},"206":{"start":{"line":558,"column":8},"end":{"line":558,"column":24}},"207":{"start":{"line":559,"column":8},"end":{"line":559,"column":49}},"208":{"start":{"line":560,"column":8},"end":{"line":570,"column":11}},"209":{"start":{"line":561,"column":12},"end":{"line":563,"column":13}},"210":{"start":{"line":562,"column":16},"end":{"line":562,"column":80}},"211":{"start":{"line":564,"column":12},"end":{"line":566,"column":15}},"212":{"start":{"line":596,"column":8},"end":{"line":597,"column":11}},"213":{"start":{"line":600,"column":8},"end":{"line":601,"column":11}},"214":{"start":{"line":604,"column":8},"end":{"line":604,"column":27}},"215":{"start":{"line":605,"column":8},"end":{"line":605,"column":49}},"216":{"start":{"line":606,"column":8},"end":{"line":606,"column":29}},"217":{"start":{"line":607,"column":8},"end":{"line":609,"column":9}},"218":{"start":{"line":610,"column":8},"end":{"line":618,"column":15}},"219":{"start":{"line":612,"column":16},"end":{"line":614,"column":19}},"220":{"start":{"line":617,"column":16},"end":{"line":617,"column":45}},"221":{"start":{"line":621,"column":8},"end":{"line":622,"column":11}},"222":{"start":{"line":625,"column":8},"end":{"line":626,"column":11}},"223":{"start":{"line":629,"column":8},"end":{"line":630,"column":11}},"224":{"start":{"line":633,"column":8},"end":{"line":634,"column":11}},"225":{"start":{"line":637,"column":8},"end":{"line":637,"column":32}},"226":{"start":{"line":638,"column":8},"end":{"line":639,"column":11}},"227":{"start":{"line":642,"column":8},"end":{"line":643,"column":11}},"228":{"start":{"line":646,"column":8},"end":{"line":647,"column":11}},"229":{"start":{"line":650,"column":8},"end":{"line":651,"column":11}},"230":{"start":{"line":654,"column":8},"end":{"line":655,"column":11}},"231":{"start":{"line":658,"column":8},"end":{"line":659,"column":11}},"232":{"start":{"line":662,"column":8},"end":{"line":663,"column":11}}},"branchMap":{}},"/mnt/c/itseed/api/controllers/SystemController.js":{"path":"/mnt/c/itseed/api/controllers/SystemController.js","s":{"1":1,"2":0,"3":0,"4":0,"5":0,"6":0,"7":0,"8":0,"9":0,"10":0,"11":0,"12":0,"13":0,"14":0,"15":0,"16":0},"b":{"1":[0,0],"2":[0,0],"3":[0,0]},"f":{"1":0,"2":0,"3":0,"4":0,"5":0,"6":0},"fnMap":{"1":{"name":"(anonymous_1)","line":16,"loc":{"start":{"line":16,"column":19},"end":{"line":16,"column":39}}},"2":{"name":"(anonymous_2)","line":21,"loc":{"start":{"line":21,"column":14},"end":{"line":21,"column":32}}},"3":{"name":"(anonymous_3)","line":31,"loc":{"start":{"line":31,"column":17},"end":{"line":31,"column":30}}},"4":{"name":"(anonymous_4)","line":36,"loc":{"start":{"line":36,"column":25},"end":{"line":36,"column":45}}},"5":{"name":"(anonymous_5)","line":50,"loc":{"start":{"line":50,"column":14},"end":{"line":50,"column":32}}},"6":{"name":"(anonymous_6)","line":52,"loc":{"start":{"line":52,"column":17},"end":{"line":52,"column":32}}}},"statementMap":{"1":{"start":{"line":8,"column":0},"end":{"line":56,"column":2}},"2":{"start":{"line":17,"column":8},"end":{"line":17,"column":56}},"3":{"start":{"line":18,"column":8},"end":{"line":18,"column":70}},"4":{"start":{"line":19,"column":8},"end":{"line":19,"column":66}},"5":{"start":{"line":20,"column":8},"end":{"line":33,"column":10}},"6":{"start":{"line":22,"column":12},"end":{"line":22,"column":69}},"7":{"start":{"line":23,"column":12},"end":{"line":23,"column":76}},"8":{"start":{"line":24,"column":12},"end":{"line":24,"column":74}},"9":{"start":{"line":25,"column":12},"end":{"line":30,"column":15}},"10":{"start":{"line":32,"column":12},"end":{"line":32,"column":40}},"11":{"start":{"line":37,"column":8},"end":{"line":40,"column":11}},"12":{"start":{"line":41,"column":8},"end":{"line":44,"column":11}},"13":{"start":{"line":45,"column":8},"end":{"line":48,"column":11}},"14":{"start":{"line":49,"column":8},"end":{"line":54,"column":11}},"15":{"start":{"line":51,"column":12},"end":{"line":51,"column":43}},"16":{"start":{"line":53,"column":12},"end":{"line":53,"column":48}}},"branchMap":{"1":{"line":22,"type":"cond-expr","locations":[{"start":{"line":22,"column":48},"end":{"line":22,"column":50}},{"start":{"line":22,"column":53},"end":{"line":22,"column":68}}]},"2":{"line":23,"type":"cond-expr","locations":[{"start":{"line":23,"column":55},"end":{"line":23,"column":57}},{"start":{"line":23,"column":60},"end":{"line":23,"column":75}}]},"3":{"line":24,"type":"cond-expr","locations":[{"start":{"line":24,"column":53},"end":{"line":24,"column":55}},{"start":{"line":24,"column":58},"end":{"line":24,"column":73}}]}}},"/mnt/c/itseed/api/policies/isFinishedUser.js":{"path":"/mnt/c/itseed/api/policies/isFinishedUser.js","s":{"1":1,"2":3,"3":3,"4":0,"5":3,"6":0},"b":{"1":[3,0],"2":[3,3],"3":[0,3],"4":[3,3]},"f":{"1":3},"fnMap":{"1":{"name":"(anonymous_1)","line":10,"loc":{"start":{"line":10,"column":17},"end":{"line":10,"column":43}}}},"statementMap":{"1":{"start":{"line":10,"column":0},"end":{"line":26,"column":2}},"2":{"start":{"line":17,"column":4},"end":{"line":22,"column":5}},"3":{"start":{"line":18,"column":8},"end":{"line":20,"column":9}},"4":{"start":{"line":19,"column":12},"end":{"line":19,"column":43}},"5":{"start":{"line":21,"column":8},"end":{"line":21,"column":22}},"6":{"start":{"line":25,"column":4},"end":{"line":25,"column":55}}},"branchMap":{"1":{"line":17,"type":"if","locations":[{"start":{"line":17,"column":4},"end":{"line":17,"column":4}},{"start":{"line":17,"column":4},"end":{"line":17,"column":4}}]},"2":{"line":17,"type":"binary-expr","locations":[{"start":{"line":17,"column":8},"end":{"line":17,"column":53}},{"start":{"line":17,"column":57},"end":{"line":17,"column":92}}]},"3":{"line":18,"type":"if","locations":[{"start":{"line":18,"column":8},"end":{"line":18,"column":8}},{"start":{"line":18,"column":8},"end":{"line":18,"column":8}}]},"4":{"line":18,"type":"binary-expr","locations":[{"start":{"line":18,"column":12},"end":{"line":18,"column":55}},{"start":{"line":18,"column":59},"end":{"line":18,"column":83}}]}}},"/mnt/c/itseed/api/policies/isHTTPS.js":{"path":"/mnt/c/itseed/api/policies/isHTTPS.js","s":{"1":1,"2":0,"3":0,"4":0},"b":{"1":[0,0]},"f":{"1":0},"fnMap":{"1":{"name":"(anonymous_1)","line":1,"loc":{"start":{"line":1,"column":17},"end":{"line":1,"column":42}}}},"statementMap":{"1":{"start":{"line":1,"column":0},"end":{"line":9,"column":2}},"2":{"start":{"line":2,"column":4},"end":{"line":8,"column":5}},"3":{"start":{"line":4,"column":8},"end":{"line":4,"column":15}},"4":{"start":{"line":7,"column":8},"end":{"line":7,"column":62}}},"branchMap":{"1":{"line":2,"type":"if","locations":[{"start":{"line":2,"column":4},"end":{"line":2,"column":4}},{"start":{"line":2,"column":4},"end":{"line":2,"column":4}}]}}},"/mnt/c/itseed/api/policies/isLoginCms.js":{"path":"/mnt/c/itseed/api/policies/isLoginCms.js","s":{"1":1,"2":0,"3":0,"4":0},"b":{"1":[0,0],"2":[0,0]},"f":{"1":0},"fnMap":{"1":{"name":"(anonymous_1)","line":10,"loc":{"start":{"line":10,"column":17},"end":{"line":10,"column":42}}}},"statementMap":{"1":{"start":{"line":10,"column":0},"end":{"line":21,"column":2}},"2":{"start":{"line":14,"column":2},"end":{"line":16,"column":3}},"3":{"start":{"line":15,"column":4},"end":{"line":15,"column":18}},"4":{"start":{"line":20,"column":2},"end":{"line":20,"column":40}}},"branchMap":{"1":{"line":14,"type":"if","locations":[{"start":{"line":14,"column":2},"end":{"line":14,"column":2}},{"start":{"line":14,"column":2},"end":{"line":14,"column":2}}]},"2":{"line":14,"type":"binary-expr","locations":[{"start":{"line":14,"column":6},"end":{"line":14,"column":51}},{"start":{"line":14,"column":55},"end":{"line":14,"column":90}}]}}},"/mnt/c/itseed/api/policies/isLoginSystem.js":{"path":"/mnt/c/itseed/api/policies/isLoginSystem.js","s":{"1":1,"2":0,"3":0,"4":0},"b":{"1":[0,0],"2":[0,0]},"f":{"1":0},"fnMap":{"1":{"name":"(anonymous_1)","line":1,"loc":{"start":{"line":1,"column":17},"end":{"line":1,"column":43}}}},"statementMap":{"1":{"start":{"line":1,"column":0},"end":{"line":12,"column":2}},"2":{"start":{"line":5,"column":4},"end":{"line":7,"column":5}},"3":{"start":{"line":6,"column":8},"end":{"line":6,"column":22}},"4":{"start":{"line":11,"column":4},"end":{"line":11,"column":42}}},"branchMap":{"1":{"line":5,"type":"if","locations":[{"start":{"line":5,"column":4},"end":{"line":5,"column":4}},{"start":{"line":5,"column":4},"end":{"line":5,"column":4}}]},"2":{"line":5,"type":"binary-expr","locations":[{"start":{"line":5,"column":8},"end":{"line":5,"column":53}},{"start":{"line":5,"column":57},"end":{"line":5,"column":102}}]}}},"/mnt/c/itseed/api/policies/isLoginUser.js":{"path":"/mnt/c/itseed/api/policies/isLoginUser.js","s":{"1":1,"2":0,"3":0,"4":0},"b":{"1":[0,0],"2":[0,0]},"f":{"1":0},"fnMap":{"1":{"name":"(anonymous_1)","line":10,"loc":{"start":{"line":10,"column":17},"end":{"line":10,"column":43}}}},"statementMap":{"1":{"start":{"line":10,"column":0},"end":{"line":23,"column":2}},"2":{"start":{"line":17,"column":4},"end":{"line":19,"column":5}},"3":{"start":{"line":18,"column":8},"end":{"line":18,"column":22}},"4":{"start":{"line":22,"column":4},"end":{"line":22,"column":55}}},"branchMap":{"1":{"line":17,"type":"if","locations":[{"start":{"line":17,"column":4},"end":{"line":17,"column":4}},{"start":{"line":17,"column":4},"end":{"line":17,"column":4}}]},"2":{"line":17,"type":"binary-expr","locations":[{"start":{"line":17,"column":8},"end":{"line":17,"column":53}},{"start":{"line":17,"column":57},"end":{"line":17,"column":92}}]}}},"/mnt/c/itseed/api/policies/isOpenPlan.js":{"path":"/mnt/c/itseed/api/policies/isOpenPlan.js","s":{"1":1,"2":0,"3":0,"4":0,"5":0,"6":0},"b":{"1":[0,0]},"f":{"1":0},"fnMap":{"1":{"name":"(anonymous_1)","line":10,"loc":{"start":{"line":10,"column":17},"end":{"line":10,"column":43}}}},"statementMap":{"1":{"start":{"line":10,"column":0},"end":{"line":24,"column":2}},"2":{"start":{"line":14,"column":4},"end":{"line":14,"column":29}},"3":{"start":{"line":15,"column":4},"end":{"line":15,"column":41}},"4":{"start":{"line":16,"column":4},"end":{"line":20,"column":5}},"5":{"start":{"line":17,"column":8},"end":{"line":17,"column":22}},"6":{"start":{"line":19,"column":8},"end":{"line":19,"column":50}}},"branchMap":{"1":{"line":16,"type":"if","locations":[{"start":{"line":16,"column":4},"end":{"line":16,"column":4}},{"start":{"line":16,"column":4},"end":{"line":16,"column":4}}]}}}}