TN:
SF:/mnt/c/itseed/config/autoreload.js
FNF:0
FNH:0
DA:1,1
LF:1
LH:1
BRF:0
BRH:0
end_of_record
TN:
SF:/mnt/c/itseed/config/blueprints.js
FNF:0
FNH:0
DA:26,1
LF:1
LH:1
BRF:0
BRH:0
end_of_record
TN:
SF:/mnt/c/itseed/config/bootstrap.js
FN:12,(anonymous_1)
FNF:1
FNH:1
FNDA:1,(anonymous_1)
DA:11,1
DA:12,1
DA:16,1
DA:17,0
DA:19,1
LF:5
LH:4
BRDA:16,1,0,0
BRDA:16,1,1,1
BRF:2
BRH:1
end_of_record
TN:
SF:/mnt/c/itseed/config/connections.js
FNF:0
FNH:0
DA:21,1
DA:22,1
LF:2
LH:2
BRDA:46,1,0,1
BRDA:46,1,1,0
BRF:2
BRH:1
end_of_record
TN:
SF:/mnt/c/itseed/config/cors.js
FNF:0
FNH:0
DA:29,1
LF:1
LH:1
BRF:0
BRH:0
end_of_record
TN:
SF:/mnt/c/itseed/config/csrf.js
FNF:0
FNH:0
LF:0
LH:0
BRF:0
BRH:0
end_of_record
TN:
SF:/mnt/c/itseed/config/email.js
FNF:0
FNH:0
DA:1,1
LF:1
LH:1
BRF:0
BRH:0
end_of_record
TN:
SF:/mnt/c/itseed/config/globals.js
FNF:0
FNH:0
DA:11,1
LF:1
LH:1
BRF:0
BRH:0
end_of_record
TN:
SF:/mnt/c/itseed/config/grunt.js
FNF:0
FNH:0
DA:2,1
LF:1
LH:1
BRF:0
BRH:0
end_of_record
TN:
SF:/mnt/c/itseed/config/http.js
FN:72,(anonymous_1)
FNF:1
FNH:1
FNDA:1,(anonymous_1)
DA:12,1
DA:73,1
DA:76,1
LF:3
LH:3
BRF:0
BRH:0
end_of_record
TN:
SF:/mnt/c/itseed/config/i18n.js
FNF:0
FNH:0
DA:18,1
LF:1
LH:1
BRF:0
BRH:0
end_of_record
TN:
SF:/mnt/c/itseed/config/log.js
FNF:0
FNH:0
DA:13,1
LF:1
LH:1
BRF:0
BRH:0
end_of_record
TN:
SF:/mnt/c/itseed/config/models.js
FNF:0
FNH:0
DA:12,1
LF:1
LH:1
BRF:0
BRH:0
end_of_record
TN:
SF:/mnt/c/itseed/config/orm.js
FNF:0
FNH:0
DA:2,1
LF:1
LH:1
BRF:0
BRH:0
end_of_record
TN:
SF:/mnt/c/itseed/config/policies.js
FNF:0
FNH:0
DA:20,1
LF:1
LH:1
BRF:0
BRH:0
end_of_record
TN:
SF:/mnt/c/itseed/config/pubsub.js
FNF:0
FNH:0
DA:1,1
LF:1
LH:1
BRF:0
BRH:0
end_of_record
TN:
SF:/mnt/c/itseed/config/routes.js
FNF:0
FNH:0
DA:23,1
LF:1
LH:1
BRF:0
BRH:0
end_of_record
TN:
SF:/mnt/c/itseed/config/session.js
FNF:0
FNH:0
DA:15,1
LF:1
LH:1
BRF:0
BRH:0
end_of_record
TN:
SF:/mnt/c/itseed/config/sockets.js
FNF:0
FNH:0
DA:13,1
LF:1
LH:1
BRF:0
BRH:0
end_of_record
TN:
SF:/mnt/c/itseed/config/views.js
FNF:0
FNH:0
DA:14,1
LF:1
LH:1
BRF:0
BRH:0
end_of_record
TN:
SF:/mnt/c/itseed/config/env/development.js
FNF:0
FNH:0
DA:13,1
LF:1
LH:1
BRF:0
BRH:0
end_of_record
TN:
SF:/mnt/c/itseed/api/responses/badRequest.js
FN:18,badRequest
FN:59,couldNotGuessView
FNF:2
FNH:0
FNDA:0,badRequest
FNDA:0,couldNotGuessView
DA:18,1
DA:21,0
DA:22,0
DA:23,0
DA:26,0
DA:29,0
DA:30,0
DA:32,0
DA:37,0
DA:38,0
DA:42,0
DA:43,0
DA:48,0
DA:53,0
DA:54,0
DA:59,0
DA:60,0
LF:17
LH:1
BRDA:29,1,0,0
BRDA:29,1,1,0
BRDA:37,2,0,0
BRDA:37,2,1,0
BRDA:42,3,0,0
BRDA:42,3,1,0
BRDA:48,4,0,0
BRDA:48,4,1,0
BRDA:48,5,0,0
BRDA:48,5,1,0
BRDA:53,6,0,0
BRDA:53,6,1,0
BRF:12
BRH:0
end_of_record
TN:
SF:/mnt/c/itseed/api/responses/forbidden.js
FN:15,forbidden
FN:56,(anonymous_2)
FNF:2
FNH:0
FNDA:0,forbidden
FNDA:0,(anonymous_2)
DA:15,1
DA:18,0
DA:19,0
DA:20,0
DA:23,0
DA:26,0
DA:27,0
DA:29,0
DA:34,0
DA:35,0
DA:39,0
DA:40,0
DA:45,0
DA:50,0
DA:51,0
DA:56,0
DA:59,0
DA:63,0
DA:64,0
DA:68,0
DA:70,0
DA:73,0
LF:22
LH:1
BRDA:26,1,0,0
BRDA:26,1,1,0
BRDA:34,2,0,0
BRDA:34,2,1,0
BRDA:39,3,0,0
BRDA:39,3,1,0
BRDA:45,4,0,0
BRDA:45,4,1,0
BRDA:45,5,0,0
BRDA:45,5,1,0
BRDA:50,6,0,0
BRDA:50,6,1,0
BRDA:59,7,0,0
BRDA:59,7,1,0
BRDA:63,8,0,0
BRDA:63,8,1,0
BRF:16
BRH:0
end_of_record
TN:
SF:/mnt/c/itseed/api/responses/notFound.js
FN:20,notFound
FN:61,(anonymous_2)
FNF:2
FNH:0
FNDA:0,notFound
FNDA:0,(anonymous_2)
DA:20,1
DA:23,0
DA:24,0
DA:25,0
DA:28,0
DA:31,0
DA:32,0
DA:34,0
DA:39,0
DA:40,0
DA:44,0
DA:45,0
DA:50,0
DA:55,0
DA:56,0
DA:61,0
DA:64,0
DA:68,0
DA:69,0
DA:73,0
DA:75,0
DA:78,0
LF:22
LH:1
BRDA:31,1,0,0
BRDA:31,1,1,0
BRDA:39,2,0,0
BRDA:39,2,1,0
BRDA:44,3,0,0
BRDA:44,3,1,0
BRDA:50,4,0,0
BRDA:50,4,1,0
BRDA:50,5,0,0
BRDA:50,5,1,0
BRDA:55,6,0,0
BRDA:55,6,1,0
BRDA:64,7,0,0
BRDA:64,7,1,0
BRDA:68,8,0,0
BRDA:68,8,1,0
BRF:16
BRH:0
end_of_record
TN:
SF:/mnt/c/itseed/api/responses/ok.js
FN:14,sendOK
FN:44,couldNotGuessView
FNF:2
FNH:0
FNDA:0,sendOK
FNDA:0,couldNotGuessView
DA:14,1
DA:17,0
DA:18,0
DA:19,0
DA:21,0
DA:24,0
DA:27,0
DA:28,0
DA:33,0
DA:38,0
DA:39,0
DA:44,0
DA:45,0
LF:13
LH:1
BRDA:27,1,0,0
BRDA:27,1,1,0
BRDA:33,2,0,0
BRDA:33,2,1,0
BRDA:33,3,0,0
BRDA:33,3,1,0
BRDA:38,4,0,0
BRDA:38,4,1,0
BRF:8
BRH:0
end_of_record
TN:
SF:/mnt/c/itseed/api/responses/serverError.js
FN:15,serverError
FN:56,(anonymous_2)
FNF:2
FNH:0
FNDA:0,serverError
FNDA:0,(anonymous_2)
DA:15,1
DA:18,0
DA:19,0
DA:20,0
DA:23,0
DA:26,0
DA:27,0
DA:29,0
DA:34,0
DA:35,0
DA:39,0
DA:40,0
DA:45,0
DA:50,0
DA:51,0
DA:56,0
DA:59,0
DA:63,0
DA:64,0
DA:68,0
DA:70,0
DA:73,0
LF:22
LH:1
BRDA:26,1,0,0
BRDA:26,1,1,0
BRDA:34,2,0,0
BRDA:34,2,1,0
BRDA:39,3,0,0
BRDA:39,3,1,0
BRDA:45,4,0,0
BRDA:45,4,1,0
BRDA:45,5,0,0
BRDA:45,5,1,0
BRDA:50,6,0,0
BRDA:50,6,1,0
BRDA:59,7,0,0
BRDA:59,7,1,0
BRDA:63,8,0,0
BRDA:63,8,1,0
BRF:16
BRH:0
end_of_record
TN:
SF:/mnt/c/itseed/api/services/CmsService.js
FN:9,(anonymous_1)
FN:13,(anonymous_2)
FN:17,(anonymous_3)
FN:21,(anonymous_4)
FN:25,(anonymous_5)
FN:30,(anonymous_6)
FN:35,(anonymous_7)
FN:357,(anonymous_8)
FN:375,(anonymous_9)
FNF:9
FNH:0
FNDA:0,(anonymous_1)
FNDA:0,(anonymous_2)
FNDA:0,(anonymous_3)
FNDA:0,(anonymous_4)
FNDA:0,(anonymous_5)
FNDA:0,(anonymous_6)
FNDA:0,(anonymous_7)
FNDA:0,(anonymous_8)
FNDA:0,(anonymous_9)
DA:7,1
DA:10,0
DA:14,0
DA:18,0
DA:22,0
DA:26,0
DA:31,0
DA:36,0
DA:38,0
DA:41,0
DA:42,0
DA:44,0
DA:45,0
DA:46,0
DA:47,0
DA:48,0
DA:50,0
DA:51,0
DA:52,0
DA:53,0
DA:54,0
DA:56,0
DA:57,0
DA:60,0
DA:61,0
DA:63,0
DA:64,0
DA:65,0
DA:66,0
DA:68,0
DA:69,0
DA:70,0
DA:71,0
DA:72,0
DA:74,0
DA:75,0
DA:78,0
DA:79,0
DA:81,0
DA:82,0
DA:83,0
DA:84,0
DA:86,0
DA:87,0
DA:88,0
DA:89,0
DA:90,0
DA:92,0
DA:93,0
DA:96,0
DA:97,0
DA:99,0
DA:100,0
DA:101,0
DA:102,0
DA:104,0
DA:105,0
DA:106,0
DA:107,0
DA:108,0
DA:110,0
DA:111,0
DA:114,0
DA:115,0
DA:117,0
DA:118,0
DA:119,0
DA:120,0
DA:122,0
DA:123,0
DA:124,0
DA:125,0
DA:126,0
DA:128,0
DA:129,0
DA:132,0
DA:133,0
DA:135,0
DA:136,0
DA:137,0
DA:138,0
DA:139,0
DA:141,0
DA:142,0
DA:143,0
DA:144,0
DA:145,0
DA:147,0
DA:148,0
DA:151,0
DA:152,0
DA:154,0
DA:155,0
DA:156,0
DA:157,0
DA:158,0
DA:160,0
DA:161,0
DA:162,0
DA:163,0
DA:164,0
DA:166,0
DA:167,0
DA:170,0
DA:171,0
DA:173,0
DA:174,0
DA:175,0
DA:176,0
DA:177,0
DA:179,0
DA:180,0
DA:181,0
DA:182,0
DA:183,0
DA:185,0
DA:186,0
DA:189,0
DA:190,0
DA:192,0
DA:193,0
DA:194,0
DA:195,0
DA:197,0
DA:198,0
DA:199,0
DA:200,0
DA:201,0
DA:203,0
DA:204,0
DA:207,0
DA:208,0
DA:210,0
DA:211,0
DA:212,0
DA:213,0
DA:215,0
DA:216,0
DA:217,0
DA:218,0
DA:219,0
DA:221,0
DA:222,0
DA:225,0
DA:226,0
DA:228,0
DA:229,0
DA:230,0
DA:231,0
DA:233,0
DA:234,0
DA:235,0
DA:236,0
DA:237,0
DA:239,0
DA:240,0
DA:243,0
DA:244,0
DA:246,0
DA:247,0
DA:248,0
DA:249,0
DA:250,0
DA:252,0
DA:253,0
DA:254,0
DA:255,0
DA:256,0
DA:258,0
DA:259,0
DA:262,0
DA:263,0
DA:265,0
DA:266,0
DA:267,0
DA:268,0
DA:270,0
DA:271,0
DA:272,0
DA:273,0
DA:274,0
DA:276,0
DA:277,0
DA:280,0
DA:281,0
DA:283,0
DA:284,0
DA:285,0
DA:286,0
DA:288,0
DA:289,0
DA:290,0
DA:291,0
DA:292,0
DA:294,0
DA:295,0
DA:298,0
DA:299,0
DA:301,0
DA:302,0
DA:303,0
DA:304,0
DA:306,0
DA:307,0
DA:308,0
DA:309,0
DA:310,0
DA:312,0
DA:313,0
DA:316,0
DA:317,0
DA:319,0
DA:320,0
DA:321,0
DA:322,0
DA:324,0
DA:325,0
DA:326,0
DA:327,0
DA:328,0
DA:330,0
DA:331,0
DA:334,0
DA:335,0
DA:337,0
DA:338,0
DA:339,0
DA:340,0
DA:342,0
DA:343,0
DA:344,0
DA:345,0
DA:346,0
DA:348,0
DA:349,0
DA:352,0
DA:354,0
DA:358,0
DA:360,0
DA:363,0
DA:364,0
DA:366,0
DA:367,0
DA:368,0
DA:370,0
DA:376,0
DA:378,0
DA:379,0
DA:380,0
DA:381,0
DA:382,0
DA:385,0
DA:386,0
DA:388,0
DA:389,0
DA:393,0
DA:394,0
DA:396,0
DA:397,0
DA:399,0
DA:400,0
DA:403,0
LF:262
LH:1
BRDA:38,1,0,0
BRDA:38,1,1,0
BRDA:38,1,2,0
BRDA:38,1,3,0
BRDA:38,1,4,0
BRDA:38,1,5,0
BRDA:38,1,6,0
BRDA:38,1,7,0
BRDA:38,1,8,0
BRDA:38,1,9,0
BRDA:38,1,10,0
BRDA:38,1,11,0
BRDA:38,1,12,0
BRDA:38,1,13,0
BRDA:38,1,14,0
BRDA:38,1,15,0
BRDA:38,1,16,0
BRDA:38,1,17,0
BRDA:360,2,0,0
BRDA:360,2,1,0
BRDA:385,3,0,0
BRDA:385,3,1,0
BRDA:388,4,0,0
BRDA:388,4,1,0
BRDA:393,5,0,0
BRDA:393,5,1,0
BRDA:396,6,0,0
BRDA:396,6,1,0
BRDA:399,7,0,0
BRDA:399,7,1,0
BRF:30
BRH:0
end_of_record
TN:
SF:/mnt/c/itseed/api/services/Mailer.js
FN:9,(anonymous_1)
FN:11,(anonymous_2)
FNF:2
FNH:0
FNDA:0,(anonymous_1)
FNDA:0,(anonymous_2)
DA:1,1
DA:2,1
DA:9,1
DA:11,0
DA:12,0
DA:13,0
DA:15,0
LF:7
LH:3
BRDA:12,1,0,0
BRDA:12,1,1,0
BRF:2
BRH:0
end_of_record
TN:
SF:/mnt/c/itseed/api/models/AboutITSeed.js
FNF:0
FNH:0
DA:9,1
LF:1
LH:1
BRF:0
BRH:0
end_of_record
TN:
SF:/mnt/c/itseed/api/models/AboutNTCA.js
FNF:0
FNH:0
DA:9,1
LF:1
LH:1
BRF:0
BRH:0
end_of_record
TN:
SF:/mnt/c/itseed/api/models/BusinessVisit.js
FNF:0
FNH:0
DA:9,1
LF:1
LH:1
BRF:0
BRH:0
end_of_record
TN:
SF:/mnt/c/itseed/api/models/Career.js
FNF:0
FNH:0
DA:9,1
LF:1
LH:1
BRF:0
BRH:0
end_of_record
TN:
SF:/mnt/c/itseed/api/models/CourseInfo.js
FNF:0
FNH:0
DA:9,1
LF:1
LH:1
BRF:0
BRH:0
end_of_record
TN:
SF:/mnt/c/itseed/api/models/CourseList.js
FNF:0
FNH:0
DA:9,1
LF:1
LH:1
BRF:0
BRH:0
end_of_record
TN:
SF:/mnt/c/itseed/api/models/Faq.js
FNF:0
FNH:0
DA:9,1
LF:1
LH:1
BRF:0
BRH:0
end_of_record
TN:
SF:/mnt/c/itseed/api/models/Instructor.js
FNF:0
FNH:0
DA:9,1
LF:1
LH:1
BRF:0
BRH:0
end_of_record
TN:
SF:/mnt/c/itseed/api/models/MemberList.js
FNF:0
FNH:0
DA:9,1
LF:1
LH:1
BRF:0
BRH:0
end_of_record
TN:
SF:/mnt/c/itseed/api/models/News.js
FNF:0
FNH:0
DA:9,1
LF:1
LH:1
BRF:0
BRH:0
end_of_record
TN:
SF:/mnt/c/itseed/api/models/OverseaVisit.js
FNF:0
FNH:0
DA:9,1
LF:1
LH:1
BRF:0
BRH:0
end_of_record
TN:
SF:/mnt/c/itseed/api/models/Project.js
FNF:0
FNH:0
DA:9,1
LF:1
LH:1
BRF:0
BRH:0
end_of_record
TN:
SF:/mnt/c/itseed/api/models/RegFile.js
FNF:0
FNH:0
DA:9,1
LF:1
LH:1
BRF:0
BRH:0
end_of_record
TN:
SF:/mnt/c/itseed/api/models/RegInfo.js
FNF:0
FNH:0
DA:9,1
LF:1
LH:1
BRF:0
BRH:0
end_of_record
TN:
SF:/mnt/c/itseed/api/models/School.js
FNF:0
FNH:0
DA:9,1
LF:1
LH:1
BRF:0
BRH:0
end_of_record
TN:
SF:/mnt/c/itseed/api/models/Sharing.js
FNF:0
FNH:0
DA:9,1
LF:1
LH:1
BRF:0
BRH:0
end_of_record
TN:
SF:/mnt/c/itseed/api/models/SystemSetting.js
FNF:0
FNH:0
DA:9,1
LF:1
LH:1
BRF:0
BRH:0
end_of_record
TN:
SF:/mnt/c/itseed/api/models/Timeline.js
FNF:0
FNH:0
DA:9,1
LF:1
LH:1
BRF:0
BRH:0
end_of_record
TN:
SF:/mnt/c/itseed/api/models/User.js
FNF:0
FNH:0
DA:9,1
LF:1
LH:1
BRF:0
BRH:0
end_of_record
TN:
SF:/mnt/c/itseed/api/models/UserDISC.js
FNF:0
FNH:0
DA:9,1
LF:1
LH:1
BRF:0
BRH:0
end_of_record
TN:
SF:/mnt/c/itseed/api/models/UserFiles.js
FNF:0
FNH:0
DA:9,1
LF:1
LH:1
BRF:0
BRH:0
end_of_record
TN:
SF:/mnt/c/itseed/api/models/User_Form.js
FNF:0
FNH:0
DA:9,1
LF:1
LH:1
BRF:0
BRH:0
end_of_record
TN:
SF:/mnt/c/itseed/api/models/Video.js
FNF:0
FNH:0
DA:9,1
LF:1
LH:1
BRF:0
BRH:0
end_of_record
TN:
SF:/mnt/c/itseed/api/models/emailV.js
FNF:0
FNH:0
DA:1,1
LF:1
LH:1
BRF:0
BRH:0
end_of_record
TN:
SF:/mnt/c/itseed/api/controllers/CmsController.js
FN:19,(anonymous_1)
FN:83,(anonymous_2)
FN:99,(anonymous_3)
FN:105,(anonymous_4)
FN:142,(anonymous_5)
FN:163,(anonymous_6)
FN:174,(anonymous_7)
FN:180,(anonymous_8)
FN:190,(anonymous_9)
FN:192,(anonymous_10)
FN:195,(anonymous_11)
FN:199,(anonymous_12)
FN:204,(anonymous_13)
FN:208,(anonymous_14)
FN:214,(anonymous_15)
FN:218,(anonymous_16)
FN:225,(anonymous_17)
FN:230,(anonymous_18)
FN:244,(anonymous_19)
FN:308,(anonymous_20)
FN:323,(anonymous_21)
FN:330,(anonymous_22)
FN:355,(anonymous_23)
FN:369,(anonymous_24)
FN:378,(anonymous_25)
FN:382,(anonymous_26)
FN:385,(anonymous_27)
FN:398,(anonymous_28)
FN:412,(anonymous_29)
FN:421,(anonymous_30)
FN:425,(anonymous_31)
FN:428,(anonymous_32)
FN:449,(anonymous_33)
FN:463,(anonymous_34)
FN:472,(anonymous_35)
FN:476,(anonymous_36)
FN:479,(anonymous_37)
FN:496,(anonymous_38)
FN:510,(anonymous_39)
FN:520,(anonymous_40)
FN:525,(anonymous_41)
FN:529,(anonymous_42)
FN:553,(anonymous_43)
FN:557,(anonymous_44)
FN:564,(anonymous_45)
FN:594,(anonymous_46)
FN:608,(anonymous_47)
FN:617,(anonymous_48)
FN:623,(anonymous_49)
FN:630,(anonymous_50)
FN:633,(anonymous_51)
FN:646,(anonymous_52)
FN:660,(anonymous_53)
FN:669,(anonymous_54)
FN:675,(anonymous_55)
FN:682,(anonymous_56)
FN:685,(anonymous_57)
FN:704,(anonymous_58)
FN:718,(anonymous_59)
FN:727,(anonymous_60)
FN:733,(anonymous_61)
FN:740,(anonymous_62)
FN:743,(anonymous_63)
FN:759,(anonymous_64)
FN:774,(anonymous_65)
FN:783,(anonymous_66)
FN:789,(anonymous_67)
FN:796,(anonymous_68)
FN:799,(anonymous_69)
FN:818,(anonymous_70)
FN:821,(anonymous_71)
FN:827,(anonymous_72)
FN:837,(anonymous_73)
FN:840,(anonymous_74)
FN:845,(anonymous_75)
FN:855,(anonymous_76)
FN:858,(anonymous_77)
FN:863,(anonymous_78)
FN:874,(anonymous_79)
FN:878,(anonymous_80)
FN:883,(anonymous_81)
FN:890,(anonymous_82)
FN:894,(anonymous_83)
FN:900,(anonymous_84)
FN:904,(anonymous_85)
FN:909,(anonymous_86)
FN:916,(anonymous_87)
FN:920,(anonymous_88)
FN:926,(anonymous_89)
FN:930,(anonymous_90)
FN:935,(anonymous_91)
FN:942,(anonymous_92)
FN:946,(anonymous_93)
FN:965,(anonymous_94)
FN:968,(anonymous_95)
FN:974,(anonymous_96)
FN:978,(anonymous_97)
FN:987,(anonymous_98)
FN:990,(anonymous_99)
FN:993,(anonymous_100)
FN:1003,(anonymous_101)
FN:1007,(anonymous_102)
FN:1029,(anonymous_103)
FN:1032,(anonymous_104)
FN:1041,(anonymous_105)
FN:1048,(anonymous_106)
FN:1055,(anonymous_107)
FN:1060,(anonymous_108)
FN:1076,(anonymous_109)
FN:1094,(anonymous_110)
FN:1099,(anonymous_111)
FN:1106,(anonymous_112)
FN:1109,(anonymous_113)
FN:1112,(anonymous_114)
FN:1115,(anonymous_115)
FN:1133,(anonymous_116)
FN:1138,(anonymous_117)
FN:1153,(anonymous_118)
FN:1179,(anonymous_119)
FN:1183,(anonymous_120)
FN:1191,(anonymous_121)
FN:1198,(anonymous_122)
FN:1206,(anonymous_123)
FN:1208,(anonymous_124)
FN:1214,(anonymous_125)
FN:1217,(anonymous_126)
FNF:126
FNH:0
FNDA:0,(anonymous_1)
FNDA:0,(anonymous_2)
FNDA:0,(anonymous_3)
FNDA:0,(anonymous_4)
FNDA:0,(anonymous_5)
FNDA:0,(anonymous_6)
FNDA:0,(anonymous_7)
FNDA:0,(anonymous_8)
FNDA:0,(anonymous_9)
FNDA:0,(anonymous_10)
FNDA:0,(anonymous_11)
FNDA:0,(anonymous_12)
FNDA:0,(anonymous_13)
FNDA:0,(anonymous_14)
FNDA:0,(anonymous_15)
FNDA:0,(anonymous_16)
FNDA:0,(anonymous_17)
FNDA:0,(anonymous_18)
FNDA:0,(anonymous_19)
FNDA:0,(anonymous_20)
FNDA:0,(anonymous_21)
FNDA:0,(anonymous_22)
FNDA:0,(anonymous_23)
FNDA:0,(anonymous_24)
FNDA:0,(anonymous_25)
FNDA:0,(anonymous_26)
FNDA:0,(anonymous_27)
FNDA:0,(anonymous_28)
FNDA:0,(anonymous_29)
FNDA:0,(anonymous_30)
FNDA:0,(anonymous_31)
FNDA:0,(anonymous_32)
FNDA:0,(anonymous_33)
FNDA:0,(anonymous_34)
FNDA:0,(anonymous_35)
FNDA:0,(anonymous_36)
FNDA:0,(anonymous_37)
FNDA:0,(anonymous_38)
FNDA:0,(anonymous_39)
FNDA:0,(anonymous_40)
FNDA:0,(anonymous_41)
FNDA:0,(anonymous_42)
FNDA:0,(anonymous_43)
FNDA:0,(anonymous_44)
FNDA:0,(anonymous_45)
FNDA:0,(anonymous_46)
FNDA:0,(anonymous_47)
FNDA:0,(anonymous_48)
FNDA:0,(anonymous_49)
FNDA:0,(anonymous_50)
FNDA:0,(anonymous_51)
FNDA:0,(anonymous_52)
FNDA:0,(anonymous_53)
FNDA:0,(anonymous_54)
FNDA:0,(anonymous_55)
FNDA:0,(anonymous_56)
FNDA:0,(anonymous_57)
FNDA:0,(anonymous_58)
FNDA:0,(anonymous_59)
FNDA:0,(anonymous_60)
FNDA:0,(anonymous_61)
FNDA:0,(anonymous_62)
FNDA:0,(anonymous_63)
FNDA:0,(anonymous_64)
FNDA:0,(anonymous_65)
FNDA:0,(anonymous_66)
FNDA:0,(anonymous_67)
FNDA:0,(anonymous_68)
FNDA:0,(anonymous_69)
FNDA:0,(anonymous_70)
FNDA:0,(anonymous_71)
FNDA:0,(anonymous_72)
FNDA:0,(anonymous_73)
FNDA:0,(anonymous_74)
FNDA:0,(anonymous_75)
FNDA:0,(anonymous_76)
FNDA:0,(anonymous_77)
FNDA:0,(anonymous_78)
FNDA:0,(anonymous_79)
FNDA:0,(anonymous_80)
FNDA:0,(anonymous_81)
FNDA:0,(anonymous_82)
FNDA:0,(anonymous_83)
FNDA:0,(anonymous_84)
FNDA:0,(anonymous_85)
FNDA:0,(anonymous_86)
FNDA:0,(anonymous_87)
FNDA:0,(anonymous_88)
FNDA:0,(anonymous_89)
FNDA:0,(anonymous_90)
FNDA:0,(anonymous_91)
FNDA:0,(anonymous_92)
FNDA:0,(anonymous_93)
FNDA:0,(anonymous_94)
FNDA:0,(anonymous_95)
FNDA:0,(anonymous_96)
FNDA:0,(anonymous_97)
FNDA:0,(anonymous_98)
FNDA:0,(anonymous_99)
FNDA:0,(anonymous_100)
FNDA:0,(anonymous_101)
FNDA:0,(anonymous_102)
FNDA:0,(anonymous_103)
FNDA:0,(anonymous_104)
FNDA:0,(anonymous_105)
FNDA:0,(anonymous_106)
FNDA:0,(anonymous_107)
FNDA:0,(anonymous_108)
FNDA:0,(anonymous_109)
FNDA:0,(anonymous_110)
FNDA:0,(anonymous_111)
FNDA:0,(anonymous_112)
FNDA:0,(anonymous_113)
FNDA:0,(anonymous_114)
FNDA:0,(anonymous_115)
FNDA:0,(anonymous_116)
FNDA:0,(anonymous_117)
FNDA:0,(anonymous_118)
FNDA:0,(anonymous_119)
FNDA:0,(anonymous_120)
FNDA:0,(anonymous_121)
FNDA:0,(anonymous_122)
FNDA:0,(anonymous_123)
FNDA:0,(anonymous_124)
FNDA:0,(anonymous_125)
FNDA:0,(anonymous_126)
DA:8,1
DA:9,1
DA:11,1
DA:20,0
DA:21,0
DA:22,0
DA:23,0
DA:26,0
DA:28,0
DA:29,0
DA:32,0
DA:35,0
DA:36,0
DA:37,0
DA:38,0
DA:39,0
DA:41,0
DA:42,0
DA:43,0
DA:45,0
DA:46,0
DA:47,0
DA:48,0
DA:49,0
DA:50,0
DA:52,0
DA:53,0
DA:55,0
DA:56,0
DA:58,0
DA:59,0
DA:60,0
DA:61,0
DA:63,0
DA:66,0
DA:67,0
DA:69,0
DA:78,0
DA:82,0
DA:84,0
DA:85,0
DA:88,0
DA:89,0
DA:90,0
DA:91,0
DA:100,0
DA:106,0
DA:109,0
DA:110,0
DA:111,0
DA:113,0
DA:120,0
DA:127,0
DA:128,0
DA:130,0
DA:135,0
DA:143,0
DA:144,0
DA:146,0
DA:147,0
DA:151,0
DA:158,0
DA:162,0
DA:164,0
DA:165,0
DA:168,0
DA:175,0
DA:181,0
DA:182,0
DA:183,0
DA:186,0
DA:187,0
DA:190,0
DA:191,0
DA:193,0
DA:194,0
DA:196,0
DA:200,0
DA:203,0
DA:205,0
DA:209,0
DA:213,0
DA:215,0
DA:219,0
DA:224,0
DA:226,0
DA:231,0
DA:232,0
DA:235,0
DA:241,0
DA:245,0
DA:246,0
DA:249,0
DA:250,0
DA:251,0
DA:256,0
DA:262,0
DA:263,0
DA:264,0
DA:270,0
DA:276,0
DA:277,0
DA:278,0
DA:284,0
DA:291,0
DA:292,0
DA:298,0
DA:306,0
DA:310,0
DA:311,0
DA:313,0
DA:324,0
DA:331,0
DA:332,0
DA:335,0
DA:341,0
DA:342,0
DA:343,0
DA:346,0
DA:349,0
DA:350,0
DA:351,0
DA:352,0
DA:355,0
DA:356,0
DA:357,0
DA:358,0
DA:360,0
DA:361,0
DA:362,0
DA:363,0
DA:364,0
DA:365,0
DA:369,0
DA:370,0
DA:371,0
DA:373,0
DA:377,0
DA:379,0
DA:380,0
DA:384,0
DA:385,0
DA:386,0
DA:387,0
DA:390,0
DA:393,0
DA:395,0
DA:398,0
DA:399,0
DA:400,0
DA:401,0
DA:403,0
DA:404,0
DA:405,0
DA:406,0
DA:407,0
DA:408,0
DA:412,0
DA:413,0
DA:414,0
DA:416,0
DA:420,0
DA:422,0
DA:423,0
DA:427,0
DA:428,0
DA:429,0
DA:430,0
DA:433,0
DA:436,0
DA:438,0
DA:439,0
DA:441,0
DA:442,0
DA:444,0
DA:445,0
DA:449,0
DA:450,0
DA:451,0
DA:452,0
DA:454,0
DA:455,0
DA:456,0
DA:457,0
DA:458,0
DA:459,0
DA:463,0
DA:464,0
DA:465,0
DA:467,0
DA:471,0
DA:473,0
DA:474,0
DA:478,0
DA:479,0
DA:480,0
DA:481,0
DA:484,0
DA:487,0
DA:489,0
DA:490,0
DA:491,0
DA:492,0
DA:493,0
DA:496,0
DA:497,0
DA:498,0
DA:499,0
DA:501,0
DA:502,0
DA:503,0
DA:504,0
DA:505,0
DA:506,0
DA:510,0
DA:511,0
DA:512,0
DA:514,0
DA:517,0
DA:519,0
DA:522,0
DA:523,0
DA:528,0
DA:529,0
DA:530,0
DA:531,0
DA:534,0
DA:537,0
DA:539,0
DA:541,0
DA:544,0
DA:546,0
DA:548,0
DA:550,0
DA:552,0
DA:554,0
DA:555,0
DA:558,0
DA:560,0
DA:565,0
DA:566,0
DA:567,0
DA:572,0
DA:577,0
DA:578,0
DA:579,0
DA:582,0
DA:585,0
DA:588,0
DA:589,0
DA:590,0
DA:591,0
DA:594,0
DA:595,0
DA:596,0
DA:597,0
DA:599,0
DA:600,0
DA:601,0
DA:602,0
DA:603,0
DA:604,0
DA:608,0
DA:609,0
DA:610,0
DA:612,0
DA:616,0
DA:620,0
DA:621,0
DA:623,0
DA:624,0
DA:625,0
DA:628,0
DA:632,0
DA:633,0
DA:634,0
DA:635,0
DA:638,0
DA:641,0
DA:643,0
DA:646,0
DA:647,0
DA:648,0
DA:649,0
DA:651,0
DA:652,0
DA:653,0
DA:654,0
DA:655,0
DA:656,0
DA:660,0
DA:661,0
DA:662,0
DA:664,0
DA:668,0
DA:672,0
DA:673,0
DA:675,0
DA:676,0
DA:677,0
DA:680,0
DA:684,0
DA:685,0
DA:686,0
DA:687,0
DA:690,0
DA:693,0
DA:695,0
DA:696,0
DA:698,0
DA:699,0
DA:701,0
DA:702,0
DA:704,0
DA:705,0
DA:706,0
DA:707,0
DA:709,0
DA:710,0
DA:711,0
DA:712,0
DA:713,0
DA:714,0
DA:718,0
DA:719,0
DA:720,0
DA:722,0
DA:726,0
DA:730,0
DA:731,0
DA:733,0
DA:734,0
DA:735,0
DA:738,0
DA:742,0
DA:743,0
DA:744,0
DA:745,0
DA:748,0
DA:751,0
DA:753,0
DA:754,0
DA:755,0
DA:756,0
DA:757,0
DA:759,0
DA:760,0
DA:761,0
DA:763,0
DA:765,0
DA:766,0
DA:767,0
DA:768,0
DA:769,0
DA:770,0
DA:774,0
DA:775,0
DA:776,0
DA:778,0
DA:782,0
DA:786,0
DA:787,0
DA:789,0
DA:790,0
DA:791,0
DA:794,0
DA:798,0
DA:799,0
DA:800,0
DA:801,0
DA:804,0
DA:807,0
DA:808,0
DA:810,0
DA:812,0
DA:815,0
DA:817,0
DA:819,0
DA:822,0
DA:828,0
DA:829,0
DA:832,0
DA:836,0
DA:838,0
DA:841,0
DA:846,0
DA:847,0
DA:850,0
DA:854,0
DA:856,0
DA:859,0
DA:864,0
DA:865,0
DA:870,0
DA:873,0
DA:875,0
DA:877,0
DA:880,0
DA:881,0
DA:883,0
DA:884,0
DA:885,0
DA:888,0
DA:891,0
DA:895,0
DA:897,0
DA:899,0
DA:901,0
DA:903,0
DA:906,0
DA:907,0
DA:909,0
DA:910,0
DA:911,0
DA:914,0
DA:917,0
DA:921,0
DA:923,0
DA:925,0
DA:927,0
DA:929,0
DA:932,0
DA:933,0
DA:935,0
DA:936,0
DA:937,0
DA:940,0
DA:943,0
DA:947,0
DA:949,0
DA:951,0
DA:955,0
DA:958,0
DA:960,0
DA:962,0
DA:964,0
DA:966,0
DA:969,0
DA:975,0
DA:976,0
DA:978,0
DA:979,0
DA:982,0
DA:986,0
DA:988,0
DA:991,0
DA:994,0
DA:995,0
DA:998,0
DA:1004,0
DA:1008,0
DA:1009,0
DA:1011,0
DA:1012,0
DA:1014,0
DA:1015,0
DA:1017,0
DA:1018,0
DA:1019,0
DA:1020,0
DA:1021,0
DA:1025,0
DA:1030,0
DA:1033,0
DA:1034,0
DA:1042,0
DA:1043,0
DA:1048,0
DA:1049,0
DA:1050,0
DA:1051,0
DA:1056,0
DA:1057,0
DA:1061,0
DA:1062,0
DA:1065,0
DA:1066,0
DA:1068,0
DA:1070,0
DA:1077,0
DA:1078,0
DA:1081,0
DA:1082,0
DA:1083,0
DA:1084,0
DA:1085,0
DA:1086,0
DA:1087,0
DA:1088,0
DA:1094,0
DA:1095,0
DA:1099,0
DA:1100,0
DA:1104,0
DA:1105,0
DA:1106,0
DA:1107,0
DA:1109,0
DA:1110,0
DA:1112,0
DA:1113,0
DA:1115,0
DA:1116,0
DA:1118,0
DA:1134,0
DA:1135,0
DA:1139,0
DA:1140,0
DA:1143,0
DA:1144,0
DA:1146,0
DA:1148,0
DA:1154,0
DA:1155,0
DA:1158,0
DA:1159,0
DA:1160,0
DA:1161,0
DA:1162,0
DA:1163,0
DA:1164,0
DA:1165,0
DA:1171,0
DA:1180,0
DA:1183,0
DA:1184,0
DA:1185,0
DA:1186,0
DA:1188,0
DA:1195,0
DA:1198,0
DA:1199,0
DA:1200,0
DA:1201,0
DA:1203,0
DA:1207,0
DA:1209,0
DA:1210,0
DA:1211,0
DA:1212,0
DA:1215,0
DA:1218,0
DA:1219,0
LF:543
LH:3
BRDA:26,1,0,0
BRDA:26,1,1,0
BRDA:32,2,0,0
BRDA:32,2,1,0
BRDA:32,2,2,0
BRDA:32,2,3,0
BRDA:32,2,4,0
BRDA:32,2,5,0
BRDA:32,2,6,0
BRDA:84,3,0,0
BRDA:84,3,1,0
BRDA:109,4,0,0
BRDA:109,4,1,0
BRDA:146,5,0,0
BRDA:146,5,1,0
BRDA:164,6,0,0
BRDA:164,6,1,0
BRDA:231,7,0,0
BRDA:231,7,1,0
BRDA:245,8,0,0
BRDA:245,8,1,0
BRDA:249,9,0,0
BRDA:249,9,1,0
BRDA:250,10,0,0
BRDA:250,10,1,0
BRDA:262,11,0,0
BRDA:262,11,1,0
BRDA:263,12,0,0
BRDA:263,12,1,0
BRDA:276,13,0,0
BRDA:276,13,1,0
BRDA:277,14,0,0
BRDA:277,14,1,0
BRDA:291,15,0,0
BRDA:291,15,1,0
BRDA:341,16,0,0
BRDA:341,16,1,0
BRDA:342,17,0,0
BRDA:342,17,1,0
BRDA:342,18,0,0
BRDA:342,18,1,0
BRDA:346,19,0,0
BRDA:346,19,1,0
BRDA:346,19,2,0
BRDA:346,19,3,0
BRDA:346,19,4,0
BRDA:346,19,5,0
BRDA:346,19,6,0
BRDA:356,20,0,0
BRDA:356,20,1,0
BRDA:358,21,0,0
BRDA:358,21,1,0
BRDA:360,22,0,0
BRDA:360,22,1,0
BRDA:370,23,0,0
BRDA:370,23,1,0
BRDA:384,24,0,0
BRDA:384,24,1,0
BRDA:386,25,0,0
BRDA:386,25,1,0
BRDA:399,26,0,0
BRDA:399,26,1,0
BRDA:401,27,0,0
BRDA:401,27,1,0
BRDA:403,28,0,0
BRDA:403,28,1,0
BRDA:413,29,0,0
BRDA:413,29,1,0
BRDA:427,30,0,0
BRDA:427,30,1,0
BRDA:429,31,0,0
BRDA:429,31,1,0
BRDA:450,32,0,0
BRDA:450,32,1,0
BRDA:452,33,0,0
BRDA:452,33,1,0
BRDA:454,34,0,0
BRDA:454,34,1,0
BRDA:464,35,0,0
BRDA:464,35,1,0
BRDA:478,36,0,0
BRDA:478,36,1,0
BRDA:480,37,0,0
BRDA:480,37,1,0
BRDA:497,38,0,0
BRDA:497,38,1,0
BRDA:499,39,0,0
BRDA:499,39,1,0
BRDA:501,40,0,0
BRDA:501,40,1,0
BRDA:511,41,0,0
BRDA:511,41,1,0
BRDA:528,42,0,0
BRDA:528,42,1,0
BRDA:530,43,0,0
BRDA:530,43,1,0
BRDA:541,44,0,0
BRDA:541,44,1,0
BRDA:541,44,2,0
BRDA:541,44,3,0
BRDA:541,44,4,0
BRDA:577,45,0,0
BRDA:577,45,1,0
BRDA:577,46,0,0
BRDA:577,46,1,0
BRDA:578,47,0,0
BRDA:578,47,1,0
BRDA:585,48,0,0
BRDA:585,48,1,0
BRDA:585,48,2,0
BRDA:585,48,3,0
BRDA:585,48,4,0
BRDA:585,48,5,0
BRDA:585,48,6,0
BRDA:595,49,0,0
BRDA:595,49,1,0
BRDA:597,50,0,0
BRDA:597,50,1,0
BRDA:599,51,0,0
BRDA:599,51,1,0
BRDA:609,52,0,0
BRDA:609,52,1,0
BRDA:620,53,0,0
BRDA:620,53,1,0
BRDA:620,54,0,0
BRDA:620,54,1,0
BRDA:624,55,0,0
BRDA:624,55,1,0
BRDA:632,56,0,0
BRDA:632,56,1,0
BRDA:634,57,0,0
BRDA:634,57,1,0
BRDA:647,58,0,0
BRDA:647,58,1,0
BRDA:649,59,0,0
BRDA:649,59,1,0
BRDA:651,60,0,0
BRDA:651,60,1,0
BRDA:661,61,0,0
BRDA:661,61,1,0
BRDA:672,62,0,0
BRDA:672,62,1,0
BRDA:672,63,0,0
BRDA:672,63,1,0
BRDA:676,64,0,0
BRDA:676,64,1,0
BRDA:684,65,0,0
BRDA:684,65,1,0
BRDA:686,66,0,0
BRDA:686,66,1,0
BRDA:705,67,0,0
BRDA:705,67,1,0
BRDA:707,68,0,0
BRDA:707,68,1,0
BRDA:707,69,0,0
BRDA:707,69,1,0
BRDA:709,70,0,0
BRDA:709,70,1,0
BRDA:719,71,0,0
BRDA:719,71,1,0
BRDA:730,72,0,0
BRDA:730,72,1,0
BRDA:730,73,0,0
BRDA:730,73,1,0
BRDA:730,73,2,0
BRDA:734,74,0,0
BRDA:734,74,1,0
BRDA:742,75,0,0
BRDA:742,75,1,0
BRDA:742,76,0,0
BRDA:742,76,1,0
BRDA:744,77,0,0
BRDA:744,77,1,0
BRDA:760,78,0,0
BRDA:760,78,1,0
BRDA:763,79,0,0
BRDA:763,79,1,0
BRDA:763,80,0,0
BRDA:763,80,1,0
BRDA:765,81,0,0
BRDA:765,81,1,0
BRDA:775,82,0,0
BRDA:775,82,1,0
BRDA:786,83,0,0
BRDA:786,83,1,0
BRDA:786,84,0,0
BRDA:786,84,1,0
BRDA:786,84,2,0
BRDA:790,85,0,0
BRDA:790,85,1,0
BRDA:798,86,0,0
BRDA:798,86,1,0
BRDA:798,87,0,0
BRDA:798,87,1,0
BRDA:800,88,0,0
BRDA:800,88,1,0
BRDA:812,89,0,0
BRDA:812,89,1,0
BRDA:870,90,0,0
BRDA:870,90,1,0
BRDA:870,90,2,0
BRDA:870,90,3,0
BRDA:880,91,0,0
BRDA:880,91,1,0
BRDA:884,92,0,0
BRDA:884,92,1,0
BRDA:906,93,0,0
BRDA:906,93,1,0
BRDA:910,94,0,0
BRDA:910,94,1,0
BRDA:932,95,0,0
BRDA:932,95,1,0
BRDA:936,96,0,0
BRDA:936,96,1,0
BRDA:955,97,0,0
BRDA:955,97,1,0
BRDA:955,97,2,0
BRDA:955,97,3,0
BRDA:994,98,0,0
BRDA:994,98,1,0
BRDA:1008,99,0,0
BRDA:1008,99,1,0
BRDA:1009,100,0,0
BRDA:1009,100,1,0
BRDA:1011,101,0,0
BRDA:1011,101,1,0
BRDA:1011,102,0,0
BRDA:1011,102,1,0
BRDA:1014,103,0,0
BRDA:1014,103,1,0
BRDA:1033,104,0,0
BRDA:1033,104,1,0
BRDA:1061,105,0,0
BRDA:1061,105,1,0
BRDA:1065,106,0,0
BRDA:1065,106,1,0
BRDA:1077,107,0,0
BRDA:1077,107,1,0
BRDA:1082,108,0,0
BRDA:1082,108,1,0
BRDA:1084,109,0,0
BRDA:1084,109,1,0
BRDA:1086,110,0,0
BRDA:1086,110,1,0
BRDA:1088,111,0,0
BRDA:1088,111,1,0
BRDA:1095,112,0,0
BRDA:1095,112,1,0
BRDA:1095,112,2,0
BRDA:1100,113,0,0
BRDA:1100,113,1,0
BRDA:1100,113,2,0
BRDA:1139,114,0,0
BRDA:1139,114,1,0
BRDA:1143,115,0,0
BRDA:1143,115,1,0
BRDA:1154,116,0,0
BRDA:1154,116,1,0
BRDA:1159,117,0,0
BRDA:1159,117,1,0
BRDA:1161,118,0,0
BRDA:1161,118,1,0
BRDA:1163,119,0,0
BRDA:1163,119,1,0
BRDA:1165,120,0,0
BRDA:1165,120,1,0
BRDA:1184,121,0,0
BRDA:1184,121,1,0
BRDA:1199,122,0,0
BRDA:1199,122,1,0
BRF:270
BRH:0
end_of_record
TN:
SF:/mnt/c/itseed/api/controllers/SiteController.js
FN:16,(anonymous_1)
FN:26,(anonymous_2)
FN:35,(anonymous_3)
FN:40,(anonymous_4)
FN:50,(anonymous_5)
FN:59,(anonymous_6)
FN:63,(anonymous_7)
FN:72,(anonymous_8)
FN:79,(anonymous_9)
FN:85,(anonymous_10)
FN:95,(anonymous_11)
FN:103,(anonymous_12)
FN:109,(anonymous_13)
FN:119,(anonymous_14)
FN:127,(anonymous_15)
FN:133,(anonymous_16)
FN:143,(anonymous_17)
FN:151,(anonymous_18)
FN:156,(anonymous_19)
FN:166,(anonymous_20)
FN:171,(anonymous_21)
FN:177,(anonymous_22)
FN:187,(anonymous_23)
FN:195,(anonymous_24)
FN:201,(anonymous_25)
FN:211,(anonymous_26)
FN:220,(anonymous_27)
FN:224,(anonymous_28)
FN:232,(anonymous_29)
FN:239,(anonymous_30)
FN:245,(anonymous_31)
FN:255,(anonymous_32)
FN:264,(anonymous_33)
FN:268,(anonymous_34)
FN:277,(anonymous_35)
FN:284,(anonymous_36)
FN:290,(anonymous_37)
FN:301,(anonymous_38)
FN:307,(anonymous_39)
FN:312,(anonymous_40)
FN:322,(anonymous_41)
FN:330,(anonymous_42)
FN:337,(anonymous_43)
FN:347,(anonymous_44)
FN:355,(anonymous_45)
FN:361,(anonymous_46)
FN:371,(anonymous_47)
FN:380,(anonymous_48)
FN:384,(anonymous_49)
FN:393,(anonymous_50)
FN:400,(anonymous_51)
FN:404,(anonymous_52)
FN:414,(anonymous_53)
FN:423,(anonymous_54)
FN:428,(anonymous_55)
FN:451,(anonymous_56)
FN:457,(anonymous_57)
FN:467,(anonymous_58)
FN:475,(anonymous_59)
FN:481,(anonymous_60)
FN:491,(anonymous_61)
FN:499,(anonymous_62)
FN:505,(anonymous_63)
FN:515,(anonymous_64)
FN:523,(anonymous_65)
FN:529,(anonymous_66)
FN:539,(anonymous_67)
FN:547,(anonymous_68)
FN:552,(anonymous_69)
FN:556,(anonymous_70)
FN:560,(anonymous_71)
FN:595,(anonymous_72)
FN:599,(anonymous_73)
FN:603,(anonymous_74)
FN:611,(anonymous_75)
FN:616,(anonymous_76)
FN:620,(anonymous_77)
FN:624,(anonymous_78)
FN:628,(anonymous_79)
FN:632,(anonymous_80)
FN:636,(anonymous_81)
FN:641,(anonymous_82)
FN:645,(anonymous_83)
FN:649,(anonymous_84)
FN:653,(anonymous_85)
FN:657,(anonymous_86)
FN:661,(anonymous_87)
FNF:87
FNH:0
FNDA:0,(anonymous_1)
FNDA:0,(anonymous_2)
FNDA:0,(anonymous_3)
FNDA:0,(anonymous_4)
FNDA:0,(anonymous_5)
FNDA:0,(anonymous_6)
FNDA:0,(anonymous_7)
FNDA:0,(anonymous_8)
FNDA:0,(anonymous_9)
FNDA:0,(anonymous_10)
FNDA:0,(anonymous_11)
FNDA:0,(anonymous_12)
FNDA:0,(anonymous_13)
FNDA:0,(anonymous_14)
FNDA:0,(anonymous_15)
FNDA:0,(anonymous_16)
FNDA:0,(anonymous_17)
FNDA:0,(anonymous_18)
FNDA:0,(anonymous_19)
FNDA:0,(anonymous_20)
FNDA:0,(anonymous_21)
FNDA:0,(anonymous_22)
FNDA:0,(anonymous_23)
FNDA:0,(anonymous_24)
FNDA:0,(anonymous_25)
FNDA:0,(anonymous_26)
FNDA:0,(anonymous_27)
FNDA:0,(anonymous_28)
FNDA:0,(anonymous_29)
FNDA:0,(anonymous_30)
FNDA:0,(anonymous_31)
FNDA:0,(anonymous_32)
FNDA:0,(anonymous_33)
FNDA:0,(anonymous_34)
FNDA:0,(anonymous_35)
FNDA:0,(anonymous_36)
FNDA:0,(anonymous_37)
FNDA:0,(anonymous_38)
FNDA:0,(anonymous_39)
FNDA:0,(anonymous_40)
FNDA:0,(anonymous_41)
FNDA:0,(anonymous_42)
FNDA:0,(anonymous_43)
FNDA:0,(anonymous_44)
FNDA:0,(anonymous_45)
FNDA:0,(anonymous_46)
FNDA:0,(anonymous_47)
FNDA:0,(anonymous_48)
FNDA:0,(anonymous_49)
FNDA:0,(anonymous_50)
FNDA:0,(anonymous_51)
FNDA:0,(anonymous_52)
FNDA:0,(anonymous_53)
FNDA:0,(anonymous_54)
FNDA:0,(anonymous_55)
FNDA:0,(anonymous_56)
FNDA:0,(anonymous_57)
FNDA:0,(anonymous_58)
FNDA:0,(anonymous_59)
FNDA:0,(anonymous_60)
FNDA:0,(anonymous_61)
FNDA:0,(anonymous_62)
FNDA:0,(anonymous_63)
FNDA:0,(anonymous_64)
FNDA:0,(anonymous_65)
FNDA:0,(anonymous_66)
FNDA:0,(anonymous_67)
FNDA:0,(anonymous_68)
FNDA:0,(anonymous_69)
FNDA:0,(anonymous_70)
FNDA:0,(anonymous_71)
FNDA:0,(anonymous_72)
FNDA:0,(anonymous_73)
FNDA:0,(anonymous_74)
FNDA:0,(anonymous_75)
FNDA:0,(anonymous_76)
FNDA:0,(anonymous_77)
FNDA:0,(anonymous_78)
FNDA:0,(anonymous_79)
FNDA:0,(anonymous_80)
FNDA:0,(anonymous_81)
FNDA:0,(anonymous_82)
FNDA:0,(anonymous_83)
FNDA:0,(anonymous_84)
FNDA:0,(anonymous_85)
FNDA:0,(anonymous_86)
FNDA:0,(anonymous_87)
DA:7,1
DA:8,1
DA:17,0
DA:18,0
DA:19,0
DA:20,0
DA:25,0
DA:27,0
DA:28,0
DA:30,0
DA:36,0
DA:41,0
DA:42,0
DA:43,0
DA:44,0
DA:49,0
DA:51,0
DA:52,0
DA:54,0
DA:60,0
DA:64,0
DA:65,0
DA:66,0
DA:67,0
DA:71,0
DA:73,0
DA:75,0
DA:80,0
DA:86,0
DA:87,0
DA:88,0
DA:89,0
DA:94,0
DA:96,0
DA:97,0
DA:99,0
DA:104,0
DA:110,0
DA:111,0
DA:112,0
DA:113,0
DA:118,0
DA:120,0
DA:121,0
DA:123,0
DA:128,0
DA:134,0
DA:135,0
DA:136,0
DA:137,0
DA:142,0
DA:144,0
DA:145,0
DA:147,0
DA:152,0
DA:157,0
DA:158,0
DA:159,0
DA:160,0
DA:164,0
DA:165,0
DA:167,0
DA:172,0
DA:178,0
DA:179,0
DA:180,0
DA:181,0
DA:186,0
DA:188,0
DA:189,0
DA:191,0
DA:196,0
DA:202,0
DA:203,0
DA:204,0
DA:205,0
DA:210,0
DA:212,0
DA:213,0
DA:215,0
DA:221,0
DA:225,0
DA:226,0
DA:227,0
DA:228,0
DA:231,0
DA:233,0
DA:235,0
DA:240,0
DA:246,0
DA:247,0
DA:248,0
DA:249,0
DA:254,0
DA:256,0
DA:257,0
DA:259,0
DA:265,0
DA:269,0
DA:270,0
DA:271,0
DA:272,0
DA:276,0
DA:278,0
DA:280,0
DA:285,0
DA:291,0
DA:292,0
DA:293,0
DA:294,0
DA:300,0
DA:302,0
DA:308,0
DA:313,0
DA:314,0
DA:315,0
DA:316,0
DA:321,0
DA:323,0
DA:324,0
DA:326,0
DA:331,0
DA:338,0
DA:339,0
DA:340,0
DA:341,0
DA:346,0
DA:348,0
DA:349,0
DA:351,0
DA:356,0
DA:362,0
DA:363,0
DA:364,0
DA:365,0
DA:370,0
DA:372,0
DA:373,0
DA:375,0
DA:381,0
DA:385,0
DA:386,0
DA:387,0
DA:388,0
DA:392,0
DA:394,0
DA:396,0
DA:401,0
DA:405,0
DA:406,0
DA:407,0
DA:408,0
DA:413,0
DA:415,0
DA:416,0
DA:418,0
DA:424,0
DA:429,0
DA:430,0
DA:431,0
DA:432,0
DA:437,0
DA:440,0
DA:443,0
DA:444,0
DA:445,0
DA:446,0
DA:452,0
DA:458,0
DA:459,0
DA:460,0
DA:461,0
DA:466,0
DA:468,0
DA:469,0
DA:471,0
DA:476,0
DA:482,0
DA:483,0
DA:484,0
DA:485,0
DA:490,0
DA:492,0
DA:493,0
DA:495,0
DA:500,0
DA:506,0
DA:507,0
DA:508,0
DA:509,0
DA:514,0
DA:516,0
DA:517,0
DA:519,0
DA:524,0
DA:530,0
DA:531,0
DA:532,0
DA:533,0
DA:538,0
DA:540,0
DA:541,0
DA:543,0
DA:548,0
DA:553,0
DA:558,0
DA:559,0
DA:560,0
DA:561,0
DA:562,0
DA:564,0
DA:596,0
DA:600,0
DA:604,0
DA:605,0
DA:606,0
DA:607,0
DA:610,0
DA:612,0
DA:617,0
DA:621,0
DA:625,0
DA:629,0
DA:633,0
DA:637,0
DA:638,0
DA:642,0
DA:646,0
DA:650,0
DA:654,0
DA:658,0
DA:662,0
LF:232
LH:2
BRF:0
BRH:0
end_of_record
TN:
SF:/mnt/c/itseed/api/controllers/SystemController.js
FN:16,(anonymous_1)
FN:21,(anonymous_2)
FN:31,(anonymous_3)
FN:36,(anonymous_4)
FN:50,(anonymous_5)
FN:52,(anonymous_6)
FNF:6
FNH:0
FNDA:0,(anonymous_1)
FNDA:0,(anonymous_2)
FNDA:0,(anonymous_3)
FNDA:0,(anonymous_4)
FNDA:0,(anonymous_5)
FNDA:0,(anonymous_6)
DA:8,1
DA:17,0
DA:18,0
DA:19,0
DA:20,0
DA:22,0
DA:23,0
DA:24,0
DA:25,0
DA:32,0
DA:37,0
DA:41,0
DA:45,0
DA:49,0
DA:51,0
DA:53,0
LF:16
LH:1
BRDA:22,1,0,0
BRDA:22,1,1,0
BRDA:23,2,0,0
BRDA:23,2,1,0
BRDA:24,3,0,0
BRDA:24,3,1,0
BRF:6
BRH:0
end_of_record
TN:
SF:/mnt/c/itseed/api/policies/isFinishedUser.js
FN:10,(anonymous_1)
FNF:1
FNH:1
FNDA:3,(anonymous_1)
DA:10,1
DA:17,3
DA:18,3
DA:19,0
DA:21,3
DA:25,0
LF:6
LH:4
BRDA:17,1,0,3
BRDA:17,1,1,0
BRDA:17,2,0,3
BRDA:17,2,1,3
BRDA:18,3,0,0
BRDA:18,3,1,3
BRDA:18,4,0,3
BRDA:18,4,1,3
BRF:8
BRH:6
end_of_record
TN:
SF:/mnt/c/itseed/api/policies/isHTTPS.js
FN:1,(anonymous_1)
FNF:1
FNH:0
FNDA:0,(anonymous_1)
DA:1,1
DA:2,0
DA:4,0
DA:7,0
LF:4
LH:1
BRDA:2,1,0,0
BRDA:2,1,1,0
BRF:2
BRH:0
end_of_record
TN:
SF:/mnt/c/itseed/api/policies/isLoginCms.js
FN:10,(anonymous_1)
FNF:1
FNH:0
FNDA:0,(anonymous_1)
DA:10,1
DA:14,0
DA:15,0
DA:20,0
LF:4
LH:1
BRDA:14,1,0,0
BRDA:14,1,1,0
BRDA:14,2,0,0
BRDA:14,2,1,0
BRF:4
BRH:0
end_of_record
TN:
SF:/mnt/c/itseed/api/policies/isLoginSystem.js
FN:1,(anonymous_1)
FNF:1
FNH:0
FNDA:0,(anonymous_1)
DA:1,1
DA:5,0
DA:6,0
DA:11,0
LF:4
LH:1
BRDA:5,1,0,0
BRDA:5,1,1,0
BRDA:5,2,0,0
BRDA:5,2,1,0
BRF:4
BRH:0
end_of_record
TN:
SF:/mnt/c/itseed/api/policies/isLoginUser.js
FN:10,(anonymous_1)
FNF:1
FNH:0
FNDA:0,(anonymous_1)
DA:10,1
DA:17,0
DA:18,0
DA:22,0
LF:4
LH:1
BRDA:17,1,0,0
BRDA:17,1,1,0
BRDA:17,2,0,0
BRDA:17,2,1,0
BRF:4
BRH:0
end_of_record
TN:
SF:/mnt/c/itseed/api/policies/isOpenPlan.js
FN:10,(anonymous_1)
FNF:1
FNH:0
FNDA:0,(anonymous_1)
DA:10,1
DA:14,0
DA:15,0
DA:16,0
DA:17,0
DA:19,0
LF:6
LH:1
BRDA:16,1,0,0
BRDA:16,1,1,0
BRF:2
BRH:0
end_of_record
